{"C:\\Projects\\clinicplus\\apps\\api\\src\\app.controller.ts": {"path":"C:\\Projects\\clinicplus\\apps\\api\\src\\app.controller.ts","statementMap":{"0":{"start":{"line":1,"column":0},"end":{"line":1,"column":49}},"1":{"start":{"line":2,"column":0},"end":{"line":2,"column":43}},"2":{"start":{"line":5,"column":7},"end":{"line":12,"column":null}},"3":{"start":{"line":6,"column":31},"end":{"line":6,"column":43}},"4":{"start":{"line":10,"column":4},"end":{"line":10,"column":38}},"5":{"start":{"line":5,"column":13},"end":{"line":5,"column":26}},"6":{"start":{"line":9,"column":2},"end":{"line":11,"column":null}},"7":{"start":{"line":5,"column":13},"end":{"line":12,"column":null}}},"fnMap":{"0":{"name":"(anonymous_2)","decl":{"start":{"line":6,"column":2},"end":{"line":6,"column":31}},"loc":{"start":{"line":6,"column":53},"end":{"line":6,"column":57}}},"1":{"name":"(anonymous_3)","decl":{"start":{"line":9,"column":2},"end":{"line":9,"column":10}},"loc":{"start":{"line":9,"column":10},"end":{"line":11,"column":3}}}},"branchMap":{"0":{"loc":{"start":{"line":6,"column":43},"end":{"line":6,"column":56}},"type":"cond-expr","locations":[{"start":{"line":6,"column":53},"end":{"line":6,"column":56}},{"start":{"line":6,"column":53},"end":{"line":6,"column":56}}]},"1":{"loc":{"start":{"line":6,"column":43},"end":{"line":6,"column":53}},"type":"binary-expr","locations":[{"start":{"line":6,"column":43},"end":{"line":6,"column":56}},{"start":{"line":6,"column":43},"end":{"line":6,"column":53}}]}},"s":{"0":1,"1":1,"2":1,"3":1,"4":1,"5":1,"6":1,"7":1},"f":{"0":1,"1":1},"b":{"0":[1,0],"1":[1,1]}}
,"C:\\Projects\\clinicplus\\apps\\api\\src\\app.module.ts": {"path":"C:\\Projects\\clinicplus\\apps\\api\\src\\app.module.ts","statementMap":{"0":{"start":{"line":1,"column":0},"end":{"line":1,"column":40}},"1":{"start":{"line":2,"column":0},"end":{"line":2,"column":46}},"2":{"start":{"line":3,"column":0},"end":{"line":3,"column":47}},"3":{"start":{"line":4,"column":0},"end":{"line":4,"column":49}},"4":{"start":{"line":5,"column":0},"end":{"line":5,"column":43}},"5":{"start":{"line":6,"column":0},"end":{"line":6,"column":48}},"6":{"start":{"line":7,"column":0},"end":{"line":7,"column":75}},"7":{"start":{"line":8,"column":0},"end":{"line":8,"column":60}},"8":{"start":{"line":9,"column":0},"end":{"line":9,"column":69}},"9":{"start":{"line":10,"column":0},"end":{"line":10,"column":51}},"10":{"start":{"line":11,"column":0},"end":{"line":11,"column":51}},"11":{"start":{"line":12,"column":0},"end":{"line":12,"column":69}},"12":{"start":{"line":13,"column":0},"end":{"line":13,"column":60}},"13":{"start":{"line":14,"column":0},"end":{"line":14,"column":72}},"14":{"start":{"line":15,"column":0},"end":{"line":15,"column":54}},"15":{"start":{"line":16,"column":0},"end":{"line":16,"column":75}},"16":{"start":{"line":17,"column":0},"end":{"line":17,"column":63}},"17":{"start":{"line":18,"column":0},"end":{"line":18,"column":54}},"18":{"start":{"line":19,"column":0},"end":{"line":19,"column":75}},"19":{"start":{"line":20,"column":0},"end":{"line":20,"column":63}},"20":{"start":{"line":21,"column":0},"end":{"line":21,"column":65}},"21":{"start":{"line":22,"column":0},"end":{"line":22,"column":60}},"22":{"start":{"line":23,"column":0},"end":{"line":23,"column":60}},"23":{"start":{"line":24,"column":0},"end":{"line":24,"column":60}},"24":{"start":{"line":25,"column":0},"end":{"line":25,"column":51}},"25":{"start":{"line":26,"column":0},"end":{"line":26,"column":63}},"26":{"start":{"line":27,"column":0},"end":{"line":27,"column":60}},"27":{"start":{"line":28,"column":0},"end":{"line":28,"column":60}},"28":{"start":{"line":29,"column":0},"end":{"line":29,"column":54}},"29":{"start":{"line":30,"column":0},"end":{"line":30,"column":61}},"30":{"start":{"line":31,"column":0},"end":{"line":31,"column":75}},"31":{"start":{"line":32,"column":0},"end":{"line":32,"column":81}},"32":{"start":{"line":33,"column":0},"end":{"line":33,"column":54}},"33":{"start":{"line":78,"column":7},"end":{"line":78,"column":null}},"34":{"start":{"line":78,"column":13},"end":{"line":78,"column":22}},"35":{"start":{"line":78,"column":13},"end":{"line":78,"column":null}}},"fnMap":{},"branchMap":{},"s":{"0":0,"1":0,"2":0,"3":0,"4":0,"5":0,"6":0,"7":0,"8":0,"9":0,"10":0,"11":0,"12":0,"13":0,"14":0,"15":0,"16":0,"17":0,"18":0,"19":0,"20":0,"21":0,"22":0,"23":0,"24":0,"25":0,"26":0,"27":0,"28":0,"29":0,"30":0,"31":0,"32":0,"33":0,"34":0,"35":0},"f":{},"b":{}}
,"C:\\Projects\\clinicplus\\apps\\api\\src\\app.service.ts": {"path":"C:\\Projects\\clinicplus\\apps\\api\\src\\app.service.ts","statementMap":{"0":{"start":{"line":1,"column":0},"end":{"line":1,"column":44}},"1":{"start":{"line":4,"column":7},"end":{"line":8,"column":null}},"2":{"start":{"line":6,"column":4},"end":{"line":6,"column":26}},"3":{"start":{"line":4,"column":13},"end":{"line":4,"column":23}},"4":{"start":{"line":4,"column":13},"end":{"line":8,"column":null}}},"fnMap":{"0":{"name":"(anonymous_1)","decl":{"start":{"line":5,"column":2},"end":{"line":5,"column":10}},"loc":{"start":{"line":5,"column":10},"end":{"line":7,"column":3}}}},"branchMap":{},"s":{"0":1,"1":1,"2":1,"3":1,"4":1},"f":{"0":1},"b":{}}
,"C:\\Projects\\clinicplus\\apps\\api\\src\\main.ts": {"path":"C:\\Projects\\clinicplus\\apps\\api\\src\\main.ts","statementMap":{"0":{"start":{"line":1,"column":0},"end":{"line":1,"column":43}},"1":{"start":{"line":2,"column":0},"end":{"line":2,"column":41}},"2":{"start":{"line":3,"column":0},"end":{"line":3,"column":48}},"3":{"start":{"line":4,"column":0},"end":{"line":4,"column":77}},"4":{"start":{"line":5,"column":0},"end":{"line":5,"column":83}},"5":{"start":{"line":6,"column":0},"end":{"line":6,"column":41}},"6":{"start":{"line":7,"column":0},"end":{"line":7,"column":66}},"7":{"start":{"line":10,"column":14},"end":{"line":10,"column":49}},"8":{"start":{"line":12,"column":2},"end":{"line":18,"column":5}},"9":{"start":{"line":20,"column":2},"end":{"line":20,"column":79}},"10":{"start":{"line":21,"column":2},"end":{"line":21,"column":50}},"11":{"start":{"line":22,"column":2},"end":{"line":22,"column":56}},"12":{"start":{"line":24,"column":2},"end":{"line":24,"column":19}},"13":{"start":{"line":26,"column":2},"end":{"line":26,"column":45}},"14":{"start":{"line":28,"column":0},"end":{"line":28,"column":12}}},"fnMap":{"0":{"name":"bootstrap","decl":{"start":{"line":9,"column":15},"end":{"line":9,"column":24}},"loc":{"start":{"line":9,"column":24},"end":{"line":27,"column":1}}}},"branchMap":{"0":{"loc":{"start":{"line":17,"column":17},"end":{"line":17,"column":54}},"type":"binary-expr","locations":[{"start":{"line":17,"column":17},"end":{"line":17,"column":37}},{"start":{"line":17,"column":41},"end":{"line":17,"column":54}}]},"1":{"loc":{"start":{"line":26,"column":19},"end":{"line":26,"column":43}},"type":"binary-expr","locations":[{"start":{"line":26,"column":19},"end":{"line":26,"column":35}},{"start":{"line":26,"column":39},"end":{"line":26,"column":43}}]}},"s":{"0":0,"1":0,"2":0,"3":0,"4":0,"5":0,"6":0,"7":0,"8":0,"9":0,"10":0,"11":0,"12":0,"13":0,"14":0},"f":{"0":0},"b":{"0":[0,0],"1":[0,0]}}
,"C:\\Projects\\clinicplus\\apps\\api\\src\\analytics\\analytics.controller.ts": {"path":"C:\\Projects\\clinicplus\\apps\\api\\src\\analytics\\analytics.controller.ts","statementMap":{"0":{"start":{"line":1,"column":0},"end":{"line":1,"column":69}},"1":{"start":{"line":2,"column":0},"end":{"line":2,"column":55}},"2":{"start":{"line":3,"column":0},"end":{"line":3,"column":61}},"3":{"start":{"line":4,"column":0},"end":{"line":4,"column":56}},"4":{"start":{"line":5,"column":0},"end":{"line":5,"column":68}},"5":{"start":{"line":6,"column":0},"end":{"line":6,"column":59}},"6":{"start":{"line":7,"column":0},"end":{"line":7,"column":71}},"7":{"start":{"line":11,"column":7},"end":{"line":24,"column":null}},"8":{"start":{"line":12,"column":31},"end":{"line":12,"column":49}},"9":{"start":{"line":18,"column":4},"end":{"line":22,"column":6}},"10":{"start":{"line":11,"column":13},"end":{"line":11,"column":32}},"11":{"start":{"line":17,"column":2},"end":{"line":23,"column":null}},"12":{"start":{"line":11,"column":13},"end":{"line":24,"column":null}}},"fnMap":{"0":{"name":"(anonymous_4)","decl":{"start":{"line":12,"column":2},"end":{"line":12,"column":31}},"loc":{"start":{"line":12,"column":65},"end":{"line":12,"column":69}}},"1":{"name":"(anonymous_5)","decl":{"start":{"line":17,"column":2},"end":{"line":17,"column":20}},"loc":{"start":{"line":17,"column":35},"end":{"line":23,"column":3}}}},"branchMap":{"0":{"loc":{"start":{"line":12,"column":49},"end":{"line":12,"column":68}},"type":"cond-expr","locations":[{"start":{"line":12,"column":65},"end":{"line":12,"column":68}},{"start":{"line":12,"column":65},"end":{"line":12,"column":68}}]},"1":{"loc":{"start":{"line":12,"column":49},"end":{"line":12,"column":65}},"type":"binary-expr","locations":[{"start":{"line":12,"column":49},"end":{"line":12,"column":68}},{"start":{"line":12,"column":49},"end":{"line":12,"column":65}}]}},"s":{"0":1,"1":1,"2":1,"3":1,"4":1,"5":1,"6":1,"7":1,"8":1,"9":1,"10":1,"11":1,"12":1},"f":{"0":1,"1":1},"b":{"0":[1,0],"1":[1,1]}}
,"C:\\Projects\\clinicplus\\apps\\api\\src\\analytics\\analytics.module.ts": {"path":"C:\\Projects\\clinicplus\\apps\\api\\src\\analytics\\analytics.module.ts","statementMap":{"0":{"start":{"line":1,"column":0},"end":{"line":1,"column":40}},"1":{"start":{"line":2,"column":0},"end":{"line":2,"column":61}},"2":{"start":{"line":3,"column":0},"end":{"line":3,"column":55}},"3":{"start":{"line":9,"column":7},"end":{"line":9,"column":null}},"4":{"start":{"line":9,"column":13},"end":{"line":9,"column":28}},"5":{"start":{"line":9,"column":13},"end":{"line":9,"column":null}}},"fnMap":{},"branchMap":{},"s":{"0":0,"1":0,"2":0,"3":0,"4":0,"5":0},"f":{},"b":{}}
,"C:\\Projects\\clinicplus\\apps\\api\\src\\analytics\\analytics.service.ts": {"path":"C:\\Projects\\clinicplus\\apps\\api\\src\\analytics\\analytics.service.ts","statementMap":{"0":{"start":{"line":1,"column":0},"end":{"line":1,"column":44}},"1":{"start":{"line":2,"column":0},"end":{"line":2,"column":57}},"2":{"start":{"line":5,"column":7},"end":{"line":77,"column":null}},"3":{"start":{"line":6,"column":22},"end":{"line":6,"column":30}},"4":{"start":{"line":13,"column":18},"end":{"line":13,"column":28}},"5":{"start":{"line":14,"column":4},"end":{"line":14,"column":31}},"6":{"start":{"line":17,"column":6},"end":{"line":34,"column":8}},"7":{"start":{"line":37,"column":22},"end":{"line":44,"column":16}},"8":{"start":{"line":39,"column":18},"end":{"line":39,"column":28}},"9":{"start":{"line":40,"column":8},"end":{"line":40,"column":35}},"10":{"start":{"line":41,"column":8},"end":{"line":41,"column":31}},"11":{"start":{"line":42,"column":8},"end":{"line":42,"column":17}},"12":{"start":{"line":46,"column":22},"end":{"line":64,"column":null}},"13":{"start":{"line":48,"column":24},"end":{"line":48,"column":38}},"14":{"start":{"line":49,"column":8},"end":{"line":49,"column":47}},"15":{"start":{"line":51,"column":22},"end":{"line":58,"column":10}},"16":{"start":{"line":60,"column":8},"end":{"line":63,"column":10}},"17":{"start":{"line":67,"column":4},"end":{"line":75,"column":6}},"18":{"start":{"line":5,"column":13},"end":{"line":5,"column":29}},"19":{"start":{"line":5,"column":13},"end":{"line":77,"column":null}}},"fnMap":{"0":{"name":"(anonymous_2)","decl":{"start":{"line":6,"column":2},"end":{"line":6,"column":22}},"loc":{"start":{"line":6,"column":43},"end":{"line":6,"column":47}}},"1":{"name":"(anonymous_3)","decl":{"start":{"line":8,"column":2},"end":{"line":8,"column":7}},"loc":{"start":{"line":11,"column":20},"end":{"line":76,"column":3}}},"2":{"name":"(anonymous_4)","decl":{"start":{"line":38,"column":11},"end":{"line":38,"column":12}},"loc":{"start":{"line":38,"column":20},"end":{"line":43,"column":7}}},"3":{"name":"(anonymous_5)","decl":{"start":{"line":47,"column":20},"end":{"line":47,"column":25}},"loc":{"start":{"line":47,"column":35},"end":{"line":64,"column":7}}}},"branchMap":{"0":{"loc":{"start":{"line":72,"column":22},"end":{"line":72,"column":53}},"type":"binary-expr","locations":[{"start":{"line":72,"column":22},"end":{"line":72,"column":48}},{"start":{"line":72,"column":52},"end":{"line":72,"column":53}}]},"1":{"loc":{"start":{"line":6,"column":30},"end":{"line":6,"column":46}},"type":"cond-expr","locations":[{"start":{"line":6,"column":43},"end":{"line":6,"column":46}},{"start":{"line":6,"column":43},"end":{"line":6,"column":46}}]},"2":{"loc":{"start":{"line":6,"column":30},"end":{"line":6,"column":43}},"type":"binary-expr","locations":[{"start":{"line":6,"column":30},"end":{"line":6,"column":46}},{"start":{"line":6,"column":30},"end":{"line":6,"column":43}}]}},"s":{"0":2,"1":2,"2":2,"3":3,"4":2,"5":2,"6":2,"7":2,"8":14,"9":14,"10":14,"11":14,"12":2,"13":14,"14":14,"15":14,"16":14,"17":2,"18":2,"19":2},"f":{"0":3,"1":2,"2":14,"3":14},"b":{"0":[2,1],"1":[2,0],"2":[2,2]}}
,"C:\\Projects\\clinicplus\\apps\\api\\src\\appointments\\appointments.controller.ts": {"path":"C:\\Projects\\clinicplus\\apps\\api\\src\\appointments\\appointments.controller.ts","statementMap":{"0":{"start":{"line":1,"column":0},"end":{"line":1,"column":null}},"1":{"start":{"line":14,"column":0},"end":{"line":14,"column":61}},"2":{"start":{"line":16,"column":0},"end":{"line":16,"column":61}},"3":{"start":{"line":17,"column":0},"end":{"line":17,"column":47}},"4":{"start":{"line":21,"column":7},"end":{"line":102,"column":null}},"5":{"start":{"line":22,"column":31},"end":{"line":22,"column":52}},"6":{"start":{"line":26,"column":4},"end":{"line":26,"column":50}},"7":{"start":{"line":27,"column":4},"end":{"line":27,"column":38}},"8":{"start":{"line":28,"column":4},"end":{"line":28,"column":33}},"9":{"start":{"line":29,"column":4},"end":{"line":34,"column":6}},"10":{"start":{"line":39,"column":25},"end":{"line":41,"column":null}},"11":{"start":{"line":44,"column":20},"end":{"line":54,"column":6}},"12":{"start":{"line":56,"column":4},"end":{"line":59,"column":7}},"13":{"start":{"line":61,"column":4},"end":{"line":61,"column":29}},"14":{"start":{"line":66,"column":4},"end":{"line":70,"column":6}},"15":{"start":{"line":75,"column":4},"end":{"line":79,"column":6}},"16":{"start":{"line":84,"column":4},"end":{"line":90,"column":6}},"17":{"start":{"line":95,"column":4},"end":{"line":100,"column":6}},"18":{"start":{"line":21,"column":13},"end":{"line":21,"column":35}},"19":{"start":{"line":25,"column":2},"end":{"line":35,"column":null}},"20":{"start":{"line":38,"column":8},"end":{"line":62,"column":null}},"21":{"start":{"line":65,"column":2},"end":{"line":71,"column":null}},"22":{"start":{"line":74,"column":2},"end":{"line":80,"column":null}},"23":{"start":{"line":83,"column":2},"end":{"line":91,"column":null}},"24":{"start":{"line":94,"column":2},"end":{"line":101,"column":null}},"25":{"start":{"line":21,"column":13},"end":{"line":102,"column":null}}},"fnMap":{"0":{"name":"(anonymous_4)","decl":{"start":{"line":22,"column":2},"end":{"line":22,"column":31}},"loc":{"start":{"line":22,"column":71},"end":{"line":22,"column":75}}},"1":{"name":"(anonymous_5)","decl":{"start":{"line":25,"column":2},"end":{"line":25,"column":8}},"loc":{"start":{"line":25,"column":42},"end":{"line":35,"column":3}}},"2":{"name":"(anonymous_6)","decl":{"start":{"line":38,"column":8},"end":{"line":38,"column":17}},"loc":{"start":{"line":38,"column":44},"end":{"line":62,"column":3}}},"3":{"name":"(anonymous_7)","decl":{"start":{"line":65,"column":2},"end":{"line":65,"column":9}},"loc":{"start":{"line":65,"column":54},"end":{"line":71,"column":3}}},"4":{"name":"(anonymous_8)","decl":{"start":{"line":74,"column":2},"end":{"line":74,"column":9}},"loc":{"start":{"line":74,"column":49},"end":{"line":80,"column":3}}},"5":{"name":"(anonymous_9)","decl":{"start":{"line":83,"column":2},"end":{"line":83,"column":8}},"loc":{"start":{"line":83,"column":67},"end":{"line":91,"column":3}}},"6":{"name":"(anonymous_10)","decl":{"start":{"line":94,"column":2},"end":{"line":94,"column":8}},"loc":{"start":{"line":94,"column":48},"end":{"line":101,"column":3}}}},"branchMap":{"0":{"loc":{"start":{"line":22,"column":52},"end":{"line":22,"column":74}},"type":"cond-expr","locations":[{"start":{"line":22,"column":71},"end":{"line":22,"column":74}},{"start":{"line":22,"column":71},"end":{"line":22,"column":74}}]},"1":{"loc":{"start":{"line":22,"column":52},"end":{"line":22,"column":71}},"type":"binary-expr","locations":[{"start":{"line":22,"column":52},"end":{"line":22,"column":74}},{"start":{"line":22,"column":52},"end":{"line":22,"column":71}}]}},"s":{"0":1,"1":1,"2":1,"3":1,"4":1,"5":6,"6":1,"7":1,"8":1,"9":1,"10":1,"11":1,"12":1,"13":1,"14":1,"15":1,"16":1,"17":1,"18":1,"19":1,"20":1,"21":1,"22":1,"23":1,"24":1,"25":1},"f":{"0":6,"1":1,"2":1,"3":1,"4":1,"5":1,"6":1},"b":{"0":[1,0],"1":[1,1]}}
,"C:\\Projects\\clinicplus\\apps\\api\\src\\appointments\\appointments.module.ts": {"path":"C:\\Projects\\clinicplus\\apps\\api\\src\\appointments\\appointments.module.ts","statementMap":{"0":{"start":{"line":1,"column":0},"end":{"line":1,"column":40}},"1":{"start":{"line":2,"column":0},"end":{"line":2,"column":67}},"2":{"start":{"line":3,"column":0},"end":{"line":3,"column":61}},"3":{"start":{"line":9,"column":7},"end":{"line":9,"column":null}},"4":{"start":{"line":9,"column":13},"end":{"line":9,"column":31}},"5":{"start":{"line":9,"column":13},"end":{"line":9,"column":null}}},"fnMap":{},"branchMap":{},"s":{"0":0,"1":0,"2":0,"3":0,"4":0,"5":0},"f":{},"b":{}}
,"C:\\Projects\\clinicplus\\apps\\api\\src\\appointments\\appointments.service.ts": {"path":"C:\\Projects\\clinicplus\\apps\\api\\src\\appointments\\appointments.service.ts","statementMap":{"0":{"start":{"line":1,"column":0},"end":{"line":1,"column":null}},"1":{"start":{"line":6,"column":0},"end":{"line":6,"column":57}},"2":{"start":{"line":8,"column":0},"end":{"line":8,"column":64}},"3":{"start":{"line":11,"column":7},"end":{"line":217,"column":null}},"4":{"start":{"line":13,"column":12},"end":{"line":13,"column":20}},"5":{"start":{"line":14,"column":12},"end":{"line":14,"column":26}},"6":{"start":{"line":24,"column":24},"end":{"line":41,"column":6}},"7":{"start":{"line":43,"column":4},"end":{"line":47,"column":5}},"8":{"start":{"line":44,"column":6},"end":{"line":46,"column":8}},"9":{"start":{"line":49,"column":24},"end":{"line":56,"column":6}},"10":{"start":{"line":59,"column":4},"end":{"line":75,"column":7}},"11":{"start":{"line":77,"column":4},"end":{"line":77,"column":23}},"12":{"start":{"line":81,"column":48},"end":{"line":85,"column":6}},"13":{"start":{"line":87,"column":4},"end":{"line":97,"column":5}},"14":{"start":{"line":88,"column":25},"end":{"line":88,"column":39}},"15":{"start":{"line":89,"column":6},"end":{"line":89,"column":38}},"16":{"start":{"line":90,"column":23},"end":{"line":90,"column":37}},"17":{"start":{"line":91,"column":6},"end":{"line":91,"column":41}},"18":{"start":{"line":93,"column":6},"end":{"line":96,"column":8}},"19":{"start":{"line":99,"column":4},"end":{"line":112,"column":7}},"20":{"start":{"line":116,"column":24},"end":{"line":124,"column":6}},"21":{"start":{"line":125,"column":4},"end":{"line":125,"column":75}},"22":{"start":{"line":125,"column":22},"end":{"line":125,"column":75}},"23":{"start":{"line":126,"column":4},"end":{"line":126,"column":23}},"24":{"start":{"line":137,"column":27},"end":{"line":147,"column":6}},"25":{"start":{"line":149,"column":4},"end":{"line":151,"column":5}},"26":{"start":{"line":150,"column":6},"end":{"line":150,"column":59}},"27":{"start":{"line":153,"column":24},"end":{"line":156,"column":6}},"28":{"start":{"line":159,"column":4},"end":{"line":167,"column":7}},"29":{"start":{"line":169,"column":4},"end":{"line":169,"column":23}},"30":{"start":{"line":179,"column":27},"end":{"line":189,"column":6}},"31":{"start":{"line":191,"column":4},"end":{"line":193,"column":5}},"32":{"start":{"line":192,"column":6},"end":{"line":192,"column":59}},"33":{"start":{"line":195,"column":24},"end":{"line":198,"column":6}},"34":{"start":{"line":201,"column":4},"end":{"line":213,"column":7}},"35":{"start":{"line":215,"column":4},"end":{"line":215,"column":23}},"36":{"start":{"line":11,"column":13},"end":{"line":11,"column":32}},"37":{"start":{"line":11,"column":13},"end":{"line":217,"column":null}}},"fnMap":{"0":{"name":"(anonymous_2)","decl":{"start":{"line":12,"column":2},"end":{"line":12,"column":null}},"loc":{"start":{"line":14,"column":38},"end":{"line":15,"column":6}}},"1":{"name":"(anonymous_3)","decl":{"start":{"line":17,"column":2},"end":{"line":17,"column":7}},"loc":{"start":{"line":21,"column":21},"end":{"line":78,"column":3}}},"2":{"name":"(anonymous_4)","decl":{"start":{"line":80,"column":2},"end":{"line":80,"column":7}},"loc":{"start":{"line":80,"column":71},"end":{"line":113,"column":3}}},"3":{"name":"(anonymous_5)","decl":{"start":{"line":115,"column":2},"end":{"line":115,"column":7}},"loc":{"start":{"line":115,"column":68},"end":{"line":127,"column":3}}},"4":{"name":"(anonymous_6)","decl":{"start":{"line":129,"column":2},"end":{"line":129,"column":7}},"loc":{"start":{"line":134,"column":21},"end":{"line":170,"column":3}}},"5":{"name":"(anonymous_7)","decl":{"start":{"line":172,"column":2},"end":{"line":172,"column":7}},"loc":{"start":{"line":176,"column":21},"end":{"line":216,"column":3}}}},"branchMap":{"0":{"loc":{"start":{"line":43,"column":4},"end":{"line":47,"column":5}},"type":"if","locations":[{"start":{"line":43,"column":4},"end":{"line":47,"column":5}},{"start":{},"end":{}}]},"1":{"loc":{"start":{"line":87,"column":4},"end":{"line":97,"column":5}},"type":"if","locations":[{"start":{"line":87,"column":4},"end":{"line":97,"column":5}},{"start":{},"end":{}}]},"2":{"loc":{"start":{"line":125,"column":4},"end":{"line":125,"column":75}},"type":"if","locations":[{"start":{"line":125,"column":4},"end":{"line":125,"column":75}},{"start":{},"end":{}}]},"3":{"loc":{"start":{"line":149,"column":4},"end":{"line":151,"column":5}},"type":"if","locations":[{"start":{"line":149,"column":4},"end":{"line":151,"column":5}},{"start":{},"end":{}}]},"4":{"loc":{"start":{"line":191,"column":4},"end":{"line":193,"column":5}},"type":"if","locations":[{"start":{"line":191,"column":4},"end":{"line":193,"column":5}},{"start":{},"end":{}}]},"5":{"loc":{"start":{"line":13,"column":20},"end":{"line":13,"column":null}},"type":"cond-expr","locations":[{"start":{"line":13,"column":33},"end":{"line":13,"column":null}},{"start":{"line":13,"column":33},"end":{"line":13,"column":null}}]},"6":{"loc":{"start":{"line":13,"column":20},"end":{"line":13,"column":33}},"type":"binary-expr","locations":[{"start":{"line":13,"column":20},"end":{"line":13,"column":null}},{"start":{"line":13,"column":20},"end":{"line":13,"column":33}}]},"7":{"loc":{"start":{"line":13,"column":33},"end":{"line":14,"column":null}},"type":"cond-expr","locations":[{"start":{"line":14,"column":38},"end":{"line":14,"column":null}},{"start":{"line":14,"column":38},"end":{"line":14,"column":null}}]},"8":{"loc":{"start":{"line":13,"column":33},"end":{"line":14,"column":38}},"type":"binary-expr","locations":[{"start":{"line":13,"column":33},"end":{"line":14,"column":null}},{"start":{"line":14,"column":26},"end":{"line":14,"column":38}}]}},"s":{"0":2,"1":2,"2":2,"3":2,"4":8,"5":8,"6":2,"7":2,"8":1,"9":1,"10":1,"11":1,"12":1,"13":1,"14":1,"15":1,"16":1,"17":1,"18":1,"19":1,"20":2,"21":2,"22":1,"23":1,"24":2,"25":2,"26":1,"27":1,"28":1,"29":1,"30":0,"31":0,"32":0,"33":0,"34":0,"35":0,"36":2,"37":2},"f":{"0":8,"1":2,"2":1,"3":2,"4":2,"5":0},"b":{"0":[1,1],"1":[1,0],"2":[1,1],"3":[1,1],"4":[0,0],"5":[2,0],"6":[2,2],"7":[2,0],"8":[2,2]}}
,"C:\\Projects\\clinicplus\\apps\\api\\src\\appointments\\dto\\create-appointment.dto.ts": {"path":"C:\\Projects\\clinicplus\\apps\\api\\src\\appointments\\dto\\create-appointment.dto.ts","statementMap":{"0":{"start":{"line":1,"column":0},"end":{"line":1,"column":null}},"1":{"start":{"line":9,"column":0},"end":{"line":9,"column":13}},"2":{"start":{"line":11,"column":2},"end":{"line":11,"column":null}},"3":{"start":{"line":14,"column":2},"end":{"line":14,"column":null}},"4":{"start":{"line":18,"column":2},"end":{"line":18,"column":null}},"5":{"start":{"line":22,"column":2},"end":{"line":22,"column":null}},"6":{"start":{"line":26,"column":2},"end":{"line":26,"column":null}},"7":{"start":{"line":30,"column":2},"end":{"line":30,"column":null}},"8":{"start":{"line":34,"column":2},"end":{"line":34,"column":null}}},"fnMap":{},"branchMap":{},"s":{"0":0,"1":0,"2":0,"3":0,"4":0,"5":0,"6":0,"7":0,"8":0},"f":{},"b":{}}
,"C:\\Projects\\clinicplus\\apps\\api\\src\\auth\\access.bootstrap.ts": {"path":"C:\\Projects\\clinicplus\\apps\\api\\src\\auth\\access.bootstrap.ts","statementMap":{"0":{"start":{"line":7,"column":0},"end":{"line":7,"column":7}},"1":{"start":{"line":1,"column":0},"end":{"line":1,"column":null}},"2":{"start":{"line":5,"column":0},"end":{"line":5,"column":53}},"3":{"start":{"line":12,"column":22},"end":{"line":34,"column":null}},"4":{"start":{"line":14,"column":6},"end":{"line":33,"column":8}},"5":{"start":{"line":37,"column":26},"end":{"line":41,"column":null}},"6":{"start":{"line":38,"column":36},"end":{"line":41,"column":6}},"7":{"start":{"line":44,"column":16},"end":{"line":63,"column":null}},"8":{"start":{"line":46,"column":6},"end":{"line":62,"column":8}},"9":{"start":{"line":66,"column":22},"end":{"line":66,"column":69}},"10":{"start":{"line":66,"column":50},"end":{"line":66,"column":67}},"11":{"start":{"line":68,"column":2},"end":{"line":104,"column":3}},"12":{"start":{"line":71,"column":17},"end":{"line":71,"column":42}},"13":{"start":{"line":73,"column":4},"end":{"line":75,"column":5}},"14":{"start":{"line":74,"column":6},"end":{"line":74,"column":15}},"15":{"start":{"line":77,"column":4},"end":{"line":103,"column":5}},"16":{"start":{"line":78,"column":25},"end":{"line":79,"column":null}},"17":{"start":{"line":82,"column":6},"end":{"line":84,"column":7}},"18":{"start":{"line":83,"column":8},"end":{"line":83,"column":17}},"19":{"start":{"line":86,"column":6},"end":{"line":102,"column":9}},"20":{"start":{"line":106,"column":2},"end":{"line":109,"column":4}}},"fnMap":{"0":{"name":"ensureOrganizationAccess","decl":{"start":{"line":7,"column":22},"end":{"line":7,"column":46}},"loc":{"start":{"line":10,"column":32},"end":{"line":110,"column":1}}},"1":{"name":"(anonymous_1)","decl":{"start":{"line":13,"column":28},"end":{"line":13,"column":29}},"loc":{"start":{"line":14,"column":6},"end":{"line":33,"column":8}}},"2":{"name":"(anonymous_2)","decl":{"start":{"line":38,"column":20},"end":{"line":38,"column":21}},"loc":{"start":{"line":38,"column":36},"end":{"line":41,"column":6}}},"3":{"name":"(anonymous_3)","decl":{"start":{"line":45,"column":46},"end":{"line":45,"column":47}},"loc":{"start":{"line":46,"column":6},"end":{"line":62,"column":8}}},"4":{"name":"(anonymous_4)","decl":{"start":{"line":66,"column":40},"end":{"line":66,"column":41}},"loc":{"start":{"line":66,"column":50},"end":{"line":66,"column":67}}}},"branchMap":{"0":{"loc":{"start":{"line":10,"column":2},"end":{"line":10,"column":32}},"type":"default-arg","locations":[{"start":{"line":10,"column":28},"end":{"line":10,"column":32}}]},"1":{"loc":{"start":{"line":24,"column":20},"end":{"line":24,"column":36}},"type":"binary-expr","locations":[{"start":{"line":24,"column":20},"end":{"line":24,"column":28}},{"start":{"line":24,"column":32},"end":{"line":24,"column":36}}]},"2":{"loc":{"start":{"line":28,"column":20},"end":{"line":28,"column":36}},"type":"binary-expr","locations":[{"start":{"line":28,"column":20},"end":{"line":28,"column":28}},{"start":{"line":28,"column":32},"end":{"line":28,"column":36}}]},"3":{"loc":{"start":{"line":73,"column":4},"end":{"line":75,"column":5}},"type":"if","locations":[{"start":{"line":73,"column":4},"end":{"line":75,"column":5}},{"start":{},"end":{}}]},"4":{"loc":{"start":{"line":82,"column":6},"end":{"line":84,"column":7}},"type":"if","locations":[{"start":{"line":82,"column":6},"end":{"line":84,"column":7}},{"start":{},"end":{}}]},"5":{"loc":{"start":{"line":94,"column":20},"end":{"line":94,"column":36}},"type":"binary-expr","locations":[{"start":{"line":94,"column":20},"end":{"line":94,"column":28}},{"start":{"line":94,"column":32},"end":{"line":94,"column":36}}]},"6":{"loc":{"start":{"line":98,"column":20},"end":{"line":98,"column":36}},"type":"binary-expr","locations":[{"start":{"line":98,"column":20},"end":{"line":98,"column":28}},{"start":{"line":98,"column":32},"end":{"line":98,"column":36}}]}},"s":{"0":2,"1":2,"2":2,"3":0,"4":0,"5":0,"6":0,"7":0,"8":0,"9":0,"10":0,"11":0,"12":0,"13":0,"14":0,"15":0,"16":0,"17":0,"18":0,"19":0,"20":0},"f":{"0":0,"1":0,"2":0,"3":0,"4":0},"b":{"0":[0],"1":[0,0],"2":[0,0],"3":[0,0],"4":[0,0],"5":[0,0],"6":[0,0]}}
,"C:\\Projects\\clinicplus\\apps\\api\\src\\auth\\access.utils.ts": {"path":"C:\\Projects\\clinicplus\\apps\\api\\src\\auth\\access.utils.ts","statementMap":{"0":{"start":{"line":1,"column":33},"end":{"line":5,"column":28}},"1":{"start":{"line":2,"column":2},"end":{"line":5,"column":28}},"2":{"start":{"line":1,"column":13},"end":{"line":1,"column":33}},"3":{"start":{"line":7,"column":35},"end":{"line":20,"column":1}},"4":{"start":{"line":8,"column":2},"end":{"line":10,"column":3}},"5":{"start":{"line":9,"column":4},"end":{"line":9,"column":14}},"6":{"start":{"line":12,"column":14},"end":{"line":12,"column":40}},"7":{"start":{"line":13,"column":27},"end":{"line":13,"column":60}},"8":{"start":{"line":15,"column":2},"end":{"line":17,"column":3}},"9":{"start":{"line":16,"column":4},"end":{"line":16,"column":58}},"10":{"start":{"line":19,"column":2},"end":{"line":19,"column":79}},"11":{"start":{"line":7,"column":13},"end":{"line":7,"column":35}},"12":{"start":{"line":22,"column":35},"end":{"line":23,"column":44}},"13":{"start":{"line":23,"column":2},"end":{"line":23,"column":44}},"14":{"start":{"line":22,"column":13},"end":{"line":22,"column":35}},"15":{"start":{"line":25,"column":32},"end":{"line":34,"column":20}},"16":{"start":{"line":26,"column":2},"end":{"line":34,"column":20}},"17":{"start":{"line":28,"column":6},"end":{"line":30,"column":7}},"18":{"start":{"line":29,"column":8},"end":{"line":29,"column":20}},"19":{"start":{"line":32,"column":6},"end":{"line":32,"column":44}},"20":{"start":{"line":25,"column":13},"end":{"line":25,"column":32}},"21":{"start":{"line":36,"column":38},"end":{"line":49,"column":null}},"22":{"start":{"line":37,"column":2},"end":{"line":49,"column":null}},"23":{"start":{"line":41,"column":10},"end":{"line":41,"column":68}},"24":{"start":{"line":42,"column":8},"end":{"line":47,"column":12}},"25":{"start":{"line":43,"column":25},"end":{"line":43,"column":41}},"26":{"start":{"line":46,"column":12},"end":{"line":46,"column":69}},"27":{"start":{"line":36,"column":13},"end":{"line":36,"column":38}}},"fnMap":{"0":{"name":"(anonymous_0)","decl":{"start":{"line":1,"column":33},"end":{"line":1,"column":34}},"loc":{"start":{"line":2,"column":2},"end":{"line":5,"column":28}}},"1":{"name":"(anonymous_1)","decl":{"start":{"line":7,"column":35},"end":{"line":7,"column":36}},"loc":{"start":{"line":7,"column":61},"end":{"line":20,"column":1}}},"2":{"name":"(anonymous_2)","decl":{"start":{"line":22,"column":35},"end":{"line":22,"column":36}},"loc":{"start":{"line":23,"column":2},"end":{"line":23,"column":44}}},"3":{"name":"(anonymous_3)","decl":{"start":{"line":25,"column":32},"end":{"line":25,"column":33}},"loc":{"start":{"line":26,"column":2},"end":{"line":34,"column":20}}},"4":{"name":"(anonymous_4)","decl":{"start":{"line":27,"column":9},"end":{"line":27,"column":10}},"loc":{"start":{"line":27,"column":18},"end":{"line":33,"column":5}}},"5":{"name":"(anonymous_5)","decl":{"start":{"line":36,"column":38},"end":{"line":36,"column":39}},"loc":{"start":{"line":37,"column":2},"end":{"line":49,"column":null}}},"6":{"name":"(anonymous_6)","decl":{"start":{"line":39,"column":20},"end":{"line":39,"column":21}},"loc":{"start":{"line":39,"column":29},"end":{"line":48,"column":7}}},"7":{"name":"(anonymous_7)","decl":{"start":{"line":43,"column":15},"end":{"line":43,"column":16}},"loc":{"start":{"line":43,"column":25},"end":{"line":43,"column":41}}},"8":{"name":"(anonymous_8)","decl":{"start":{"line":45,"column":15},"end":{"line":45,"column":16}},"loc":{"start":{"line":46,"column":12},"end":{"line":46,"column":69}}}},"branchMap":{"0":{"loc":{"start":{"line":2,"column":3},"end":{"line":2,"column":14}},"type":"binary-expr","locations":[{"start":{"line":2,"column":3},"end":{"line":2,"column":8}},{"start":{"line":2,"column":12},"end":{"line":2,"column":14}}]},"1":{"loc":{"start":{"line":8,"column":2},"end":{"line":10,"column":3}},"type":"if","locations":[{"start":{"line":8,"column":2},"end":{"line":10,"column":3}},{"start":{},"end":{}}]},"2":{"loc":{"start":{"line":15,"column":2},"end":{"line":17,"column":3}},"type":"if","locations":[{"start":{"line":15,"column":2},"end":{"line":17,"column":3}},{"start":{},"end":{}}]},"3":{"loc":{"start":{"line":15,"column":6},"end":{"line":15,"column":24}},"type":"binary-expr","locations":[{"start":{"line":15,"column":6},"end":{"line":15,"column":13}},{"start":{"line":15,"column":17},"end":{"line":15,"column":24}}]},"4":{"loc":{"start":{"line":25,"column":33},"end":{"line":25,"column":50}},"type":"default-arg","locations":[{"start":{"line":25,"column":48},"end":{"line":25,"column":50}}]},"5":{"loc":{"start":{"line":28,"column":6},"end":{"line":30,"column":7}},"type":"if","locations":[{"start":{"line":28,"column":6},"end":{"line":30,"column":7}},{"start":{},"end":{}}]},"6":{"loc":{"start":{"line":32,"column":13},"end":{"line":32,"column":43}},"type":"binary-expr","locations":[{"start":{"line":32,"column":13},"end":{"line":32,"column":29}},{"start":{"line":32,"column":33},"end":{"line":32,"column":43}}]},"7":{"loc":{"start":{"line":36,"column":39},"end":{"line":36,"column":56}},"type":"default-arg","locations":[{"start":{"line":36,"column":54},"end":{"line":36,"column":56}}]},"8":{"loc":{"start":{"line":41,"column":10},"end":{"line":41,"column":68}},"type":"binary-expr","locations":[{"start":{"line":41,"column":10},"end":{"line":41,"column":37}},{"start":{"line":41,"column":41},"end":{"line":41,"column":62}},{"start":{"line":41,"column":66},"end":{"line":41,"column":68}}]}},"s":{"0":6,"1":0,"2":6,"3":6,"4":0,"5":0,"6":0,"7":0,"8":0,"9":0,"10":0,"11":6,"12":6,"13":0,"14":6,"15":6,"16":1,"17":0,"18":0,"19":0,"20":6,"21":6,"22":1,"23":0,"24":0,"25":0,"26":0,"27":6},"f":{"0":0,"1":0,"2":0,"3":1,"4":0,"5":1,"6":0,"7":0,"8":0},"b":{"0":[0,0],"1":[0,0],"2":[0,0],"3":[0,0],"4":[0],"5":[0,0],"6":[0,0],"7":[0],"8":[0,0,0]}}
,"C:\\Projects\\clinicplus\\apps\\api\\src\\auth\\auth.controller.ts": {"path":"C:\\Projects\\clinicplus\\apps\\api\\src\\auth\\auth.controller.ts","statementMap":{"0":{"start":{"line":1,"column":0},"end":{"line":1,"column":null}},"1":{"start":{"line":11,"column":0},"end":{"line":11,"column":45}},"2":{"start":{"line":12,"column":0},"end":{"line":12,"column":43}},"3":{"start":{"line":13,"column":0},"end":{"line":13,"column":49}},"4":{"start":{"line":14,"column":0},"end":{"line":14,"column":55}},"5":{"start":{"line":17,"column":7},"end":{"line":50,"column":null}},"6":{"start":{"line":18,"column":31},"end":{"line":18,"column":44}},"7":{"start":{"line":26,"column":4},"end":{"line":26,"column":59}},"8":{"start":{"line":31,"column":4},"end":{"line":31,"column":71}},"9":{"start":{"line":36,"column":4},"end":{"line":36,"column":50}},"10":{"start":{"line":42,"column":4},"end":{"line":42,"column":51}},"11":{"start":{"line":48,"column":4},"end":{"line":48,"column":20}},"12":{"start":{"line":17,"column":13},"end":{"line":17,"column":27}},"13":{"start":{"line":21,"column":8},"end":{"line":27,"column":null}},"14":{"start":{"line":30,"column":8},"end":{"line":32,"column":null}},"15":{"start":{"line":35,"column":8},"end":{"line":37,"column":null}},"16":{"start":{"line":41,"column":8},"end":{"line":43,"column":null}},"17":{"start":{"line":47,"column":2},"end":{"line":49,"column":null}},"18":{"start":{"line":17,"column":13},"end":{"line":50,"column":null}}},"fnMap":{"0":{"name":"(anonymous_4)","decl":{"start":{"line":18,"column":2},"end":{"line":18,"column":31}},"loc":{"start":{"line":18,"column":55},"end":{"line":18,"column":59}}},"1":{"name":"(anonymous_5)","decl":{"start":{"line":21,"column":8},"end":{"line":21,"column":13}},"loc":{"start":{"line":24,"column":44},"end":{"line":27,"column":3}}},"2":{"name":"(anonymous_6)","decl":{"start":{"line":30,"column":8},"end":{"line":30,"column":15}},"loc":{"start":{"line":30,"column":73},"end":{"line":32,"column":3}}},"3":{"name":"(anonymous_7)","decl":{"start":{"line":35,"column":8},"end":{"line":35,"column":16}},"loc":{"start":{"line":35,"column":49},"end":{"line":37,"column":3}}},"4":{"name":"(anonymous_8)","decl":{"start":{"line":41,"column":8},"end":{"line":41,"column":14}},"loc":{"start":{"line":41,"column":50},"end":{"line":43,"column":3}}},"5":{"name":"(anonymous_9)","decl":{"start":{"line":47,"column":2},"end":{"line":47,"column":12}},"loc":{"start":{"line":47,"column":27},"end":{"line":49,"column":3}}}},"branchMap":{"0":{"loc":{"start":{"line":22,"column":22},"end":{"line":22,"column":null}},"type":"cond-expr","locations":[{"start":{"line":22,"column":30},"end":{"line":22,"column":null}},{"start":{"line":22,"column":30},"end":{"line":22,"column":null}}]},"1":{"loc":{"start":{"line":22,"column":22},"end":{"line":22,"column":30}},"type":"binary-expr","locations":[{"start":{"line":22,"column":22},"end":{"line":22,"column":null}},{"start":{"line":22,"column":22},"end":{"line":22,"column":30}}]},"2":{"loc":{"start":{"line":35,"column":38},"end":{"line":35,"column":null}},"type":"cond-expr","locations":[{"start":{"line":35,"column":49},"end":{"line":35,"column":null}},{"start":{"line":35,"column":49},"end":{"line":35,"column":null}}]},"3":{"loc":{"start":{"line":35,"column":38},"end":{"line":35,"column":49}},"type":"binary-expr","locations":[{"start":{"line":35,"column":38},"end":{"line":35,"column":null}},{"start":{"line":35,"column":38},"end":{"line":35,"column":49}}]},"4":{"loc":{"start":{"line":18,"column":44},"end":{"line":18,"column":58}},"type":"cond-expr","locations":[{"start":{"line":18,"column":55},"end":{"line":18,"column":58}},{"start":{"line":18,"column":55},"end":{"line":18,"column":58}}]},"5":{"loc":{"start":{"line":18,"column":44},"end":{"line":18,"column":55}},"type":"binary-expr","locations":[{"start":{"line":18,"column":44},"end":{"line":18,"column":58}},{"start":{"line":18,"column":44},"end":{"line":18,"column":55}}]}},"s":{"0":1,"1":1,"2":1,"3":1,"4":1,"5":1,"6":2,"7":1,"8":0,"9":0,"10":0,"11":0,"12":1,"13":1,"14":1,"15":1,"16":1,"17":1,"18":1},"f":{"0":2,"1":1,"2":0,"3":0,"4":0,"5":0},"b":{"0":[1,0],"1":[1,1],"2":[1,0],"3":[1,1],"4":[1,0],"5":[1,1]}}
,"C:\\Projects\\clinicplus\\apps\\api\\src\\auth\\auth.module.ts": {"path":"C:\\Projects\\clinicplus\\apps\\api\\src\\auth\\auth.module.ts","statementMap":{"0":{"start":{"line":1,"column":0},"end":{"line":1,"column":40}},"1":{"start":{"line":2,"column":0},"end":{"line":2,"column":45}},"2":{"start":{"line":3,"column":0},"end":{"line":3,"column":51}},"3":{"start":{"line":4,"column":0},"end":{"line":4,"column":52}},"4":{"start":{"line":5,"column":0},"end":{"line":5,"column":40}},"5":{"start":{"line":6,"column":0},"end":{"line":6,"column":61}},"6":{"start":{"line":7,"column":0},"end":{"line":7,"column":56}},"7":{"start":{"line":8,"column":0},"end":{"line":8,"column":60}},"8":{"start":{"line":9,"column":0},"end":{"line":9,"column":50}},"9":{"start":{"line":39,"column":7},"end":{"line":39,"column":null}},"10":{"start":{"line":39,"column":13},"end":{"line":39,"column":23}},"11":{"start":{"line":39,"column":13},"end":{"line":39,"column":null}},"12":{"start":{"line":21,"column":58},"end":{"line":26,"column":8}}},"fnMap":{"0":{"name":"(anonymous_1)","decl":{"start":{"line":21,"column":18},"end":{"line":21,"column":19}},"loc":{"start":{"line":21,"column":58},"end":{"line":26,"column":8}}}},"branchMap":{"0":{"loc":{"start":{"line":22,"column":16},"end":{"line":22,"column":73}},"type":"binary-expr","locations":[{"start":{"line":22,"column":16},"end":{"line":22,"column":55}},{"start":{"line":22,"column":59},"end":{"line":22,"column":73}}]},"1":{"loc":{"start":{"line":24,"column":21},"end":{"line":24,"column":72}},"type":"binary-expr","locations":[{"start":{"line":24,"column":21},"end":{"line":24,"column":64}},{"start":{"line":24,"column":68},"end":{"line":24,"column":72}}]}},"s":{"0":0,"1":0,"2":0,"3":0,"4":0,"5":0,"6":0,"7":0,"8":0,"9":0,"10":0,"11":0,"12":0},"f":{"0":0},"b":{"0":[0,0],"1":[0,0]}}
,"C:\\Projects\\clinicplus\\apps\\api\\src\\auth\\auth.service.ts": {"path":"C:\\Projects\\clinicplus\\apps\\api\\src\\auth\\auth.service.ts","statementMap":{"0":{"start":{"line":1,"column":0},"end":{"line":1,"column":null}},"1":{"start":{"line":6,"column":0},"end":{"line":6,"column":54}},"2":{"start":{"line":7,"column":0},"end":{"line":7,"column":41}},"3":{"start":{"line":8,"column":0},"end":{"line":8,"column":41}},"4":{"start":{"line":11,"column":0},"end":{"line":11,"column":57}},"5":{"start":{"line":12,"column":0},"end":{"line":12,"column":36}},"6":{"start":{"line":13,"column":0},"end":{"line":13,"column":62}},"7":{"start":{"line":14,"column":0},"end":{"line":14,"column":74}},"8":{"start":{"line":17,"column":7},"end":{"line":242,"column":null}},"9":{"start":{"line":19,"column":12},"end":{"line":19,"column":26}},"10":{"start":{"line":20,"column":12},"end":{"line":20,"column":24}},"11":{"start":{"line":21,"column":12},"end":{"line":21,"column":20}},"12":{"start":{"line":25,"column":17},"end":{"line":25,"column":59}},"13":{"start":{"line":26,"column":4},"end":{"line":33,"column":5}},"14":{"start":{"line":31,"column":42},"end":{"line":31,"column":46}},"15":{"start":{"line":32,"column":6},"end":{"line":32,"column":20}},"16":{"start":{"line":34,"column":4},"end":{"line":34,"column":16}},"17":{"start":{"line":38,"column":17},"end":{"line":38,"column":75}},"18":{"start":{"line":39,"column":4},"end":{"line":50,"column":5}},"19":{"start":{"line":41,"column":6},"end":{"line":48,"column":9}},"20":{"start":{"line":49,"column":6},"end":{"line":49,"column":61}},"21":{"start":{"line":53,"column":4},"end":{"line":59,"column":7}},"22":{"start":{"line":62,"column":22},"end":{"line":62,"column":38}},"23":{"start":{"line":63,"column":18},"end":{"line":63,"column":45}},"24":{"start":{"line":64,"column":24},"end":{"line":64,"column":57}},"25":{"start":{"line":66,"column":20},"end":{"line":73,"column":6}},"26":{"start":{"line":75,"column":24},"end":{"line":75,"column":53}},"27":{"start":{"line":76,"column":25},"end":{"line":76,"column":37}},"28":{"start":{"line":77,"column":29},"end":{"line":77,"column":57}},"29":{"start":{"line":80,"column":20},"end":{"line":89,"column":6}},"30":{"start":{"line":91,"column":4},"end":{"line":100,"column":6}},"31":{"start":{"line":104,"column":20},"end":{"line":107,"column":6}},"32":{"start":{"line":109,"column":4},"end":{"line":115,"column":5}},"33":{"start":{"line":114,"column":6},"end":{"line":114,"column":74}},"34":{"start":{"line":118,"column":28},"end":{"line":118,"column":40}},"35":{"start":{"line":119,"column":32},"end":{"line":119,"column":63}},"36":{"start":{"line":121,"column":4},"end":{"line":124,"column":7}},"37":{"start":{"line":126,"column":17},"end":{"line":126,"column":72}},"38":{"start":{"line":128,"column":4},"end":{"line":130,"column":5}},"39":{"start":{"line":129,"column":6},"end":{"line":129,"column":63}},"40":{"start":{"line":132,"column":18},"end":{"line":132,"column":46}},"41":{"start":{"line":133,"column":24},"end":{"line":133,"column":58}},"42":{"start":{"line":135,"column":20},"end":{"line":142,"column":6}},"43":{"start":{"line":144,"column":4},"end":{"line":147,"column":6}},"44":{"start":{"line":151,"column":4},"end":{"line":154,"column":7}},"45":{"start":{"line":158,"column":25},"end":{"line":160,"column":6}},"46":{"start":{"line":162,"column":4},"end":{"line":164,"column":5}},"47":{"start":{"line":163,"column":6},"end":{"line":163,"column":58}},"48":{"start":{"line":166,"column":27},"end":{"line":168,"column":6}},"49":{"start":{"line":170,"column":4},"end":{"line":172,"column":5}},"50":{"start":{"line":171,"column":6},"end":{"line":171,"column":64}},"51":{"start":{"line":174,"column":25},"end":{"line":174,"column":61}},"52":{"start":{"line":176,"column":4},"end":{"line":240,"column":7}},"53":{"start":{"line":178,"column":18},"end":{"line":186,"column":8}},"54":{"start":{"line":189,"column":21},"end":{"line":198,"column":8}},"55":{"start":{"line":200,"column":21},"end":{"line":200,"column":63}},"56":{"start":{"line":203,"column":19},"end":{"line":213,"column":8}},"57":{"start":{"line":215,"column":24},"end":{"line":215,"column":68}},"58":{"start":{"line":217,"column":6},"end":{"line":233,"column":7}},"59":{"start":{"line":218,"column":8},"end":{"line":232,"column":11}},"60":{"start":{"line":235,"column":6},"end":{"line":239,"column":8}},"61":{"start":{"line":17,"column":13},"end":{"line":17,"column":24}},"62":{"start":{"line":17,"column":13},"end":{"line":242,"column":null}}},"fnMap":{"0":{"name":"(anonymous_2)","decl":{"start":{"line":18,"column":2},"end":{"line":18,"column":null}},"loc":{"start":{"line":21,"column":33},"end":{"line":22,"column":6}}},"1":{"name":"(anonymous_3)","decl":{"start":{"line":24,"column":2},"end":{"line":24,"column":7}},"loc":{"start":{"line":24,"column":52},"end":{"line":35,"column":3}}},"2":{"name":"(anonymous_4)","decl":{"start":{"line":37,"column":2},"end":{"line":37,"column":7}},"loc":{"start":{"line":37,"column":72},"end":{"line":101,"column":3}}},"3":{"name":"(anonymous_5)","decl":{"start":{"line":103,"column":2},"end":{"line":103,"column":7}},"loc":{"start":{"line":103,"column":55},"end":{"line":148,"column":3}}},"4":{"name":"(anonymous_6)","decl":{"start":{"line":150,"column":2},"end":{"line":150,"column":7}},"loc":{"start":{"line":150,"column":32},"end":{"line":155,"column":3}}},"5":{"name":"(anonymous_7)","decl":{"start":{"line":157,"column":2},"end":{"line":157,"column":7}},"loc":{"start":{"line":157,"column":41},"end":{"line":241,"column":3}}},"6":{"name":"(anonymous_8)","decl":{"start":{"line":176,"column":36},"end":{"line":176,"column":41}},"loc":{"start":{"line":176,"column":49},"end":{"line":240,"column":5}}}},"branchMap":{"0":{"loc":{"start":{"line":26,"column":4},"end":{"line":33,"column":5}},"type":"if","locations":[{"start":{"line":26,"column":4},"end":{"line":33,"column":5}},{"start":{},"end":{}}]},"1":{"loc":{"start":{"line":27,"column":6},"end":{"line":29,"column":50}},"type":"binary-expr","locations":[{"start":{"line":27,"column":6},"end":{"line":27,"column":10}},{"start":{"line":28,"column":6},"end":{"line":28,"column":23}},{"start":{"line":29,"column":7},"end":{"line":29,"column":49}}]},"2":{"loc":{"start":{"line":39,"column":4},"end":{"line":50,"column":5}},"type":"if","locations":[{"start":{"line":39,"column":4},"end":{"line":50,"column":5}},{"start":{},"end":{}}]},"3":{"loc":{"start":{"line":62,"column":22},"end":{"line":62,"column":38}},"type":"binary-expr","locations":[{"start":{"line":62,"column":22},"end":{"line":62,"column":32}},{"start":{"line":62,"column":36},"end":{"line":62,"column":38}}]},"4":{"loc":{"start":{"line":109,"column":4},"end":{"line":115,"column":5}},"type":"if","locations":[{"start":{"line":109,"column":4},"end":{"line":115,"column":5}},{"start":{},"end":{}}]},"5":{"loc":{"start":{"line":110,"column":6},"end":{"line":112,"column":62}},"type":"binary-expr","locations":[{"start":{"line":110,"column":6},"end":{"line":110,"column":14}},{"start":{"line":111,"column":6},"end":{"line":111,"column":31}},{"start":{"line":112,"column":6},"end":{"line":112,"column":62}}]},"6":{"loc":{"start":{"line":128,"column":4},"end":{"line":130,"column":5}},"type":"if","locations":[{"start":{"line":128,"column":4},"end":{"line":130,"column":5}},{"start":{},"end":{}}]},"7":{"loc":{"start":{"line":162,"column":4},"end":{"line":164,"column":5}},"type":"if","locations":[{"start":{"line":162,"column":4},"end":{"line":164,"column":5}},{"start":{},"end":{}}]},"8":{"loc":{"start":{"line":170,"column":4},"end":{"line":172,"column":5}},"type":"if","locations":[{"start":{"line":170,"column":4},"end":{"line":172,"column":5}},{"start":{},"end":{}}]},"9":{"loc":{"start":{"line":217,"column":6},"end":{"line":233,"column":7}},"type":"if","locations":[{"start":{"line":217,"column":6},"end":{"line":233,"column":7}},{"start":{},"end":{}}]},"10":{"loc":{"start":{"line":19,"column":26},"end":{"line":19,"column":null}},"type":"cond-expr","locations":[{"start":{"line":19,"column":38},"end":{"line":19,"column":null}},{"start":{"line":19,"column":38},"end":{"line":19,"column":null}}]},"11":{"loc":{"start":{"line":19,"column":26},"end":{"line":19,"column":38}},"type":"binary-expr","locations":[{"start":{"line":19,"column":26},"end":{"line":19,"column":null}},{"start":{"line":19,"column":26},"end":{"line":19,"column":38}}]},"12":{"loc":{"start":{"line":19,"column":38},"end":{"line":20,"column":null}},"type":"cond-expr","locations":[{"start":{"line":20,"column":34},"end":{"line":20,"column":null}},{"start":{"line":20,"column":34},"end":{"line":20,"column":null}}]},"13":{"loc":{"start":{"line":19,"column":38},"end":{"line":20,"column":34}},"type":"binary-expr","locations":[{"start":{"line":19,"column":38},"end":{"line":20,"column":null}},{"start":{"line":20,"column":24},"end":{"line":20,"column":34}}]},"14":{"loc":{"start":{"line":20,"column":34},"end":{"line":21,"column":null}},"type":"cond-expr","locations":[{"start":{"line":21,"column":33},"end":{"line":21,"column":null}},{"start":{"line":21,"column":33},"end":{"line":21,"column":null}}]},"15":{"loc":{"start":{"line":20,"column":34},"end":{"line":21,"column":33}},"type":"binary-expr","locations":[{"start":{"line":20,"column":34},"end":{"line":21,"column":null}},{"start":{"line":21,"column":20},"end":{"line":21,"column":33}}]}},"s":{"0":2,"1":2,"2":2,"3":2,"4":2,"5":2,"6":2,"7":2,"8":2,"9":5,"10":5,"11":5,"12":2,"13":2,"14":1,"15":1,"16":1,"17":2,"18":2,"19":1,"20":1,"21":1,"22":1,"23":1,"24":1,"25":1,"26":1,"27":1,"28":1,"29":1,"30":1,"31":0,"32":0,"33":0,"34":0,"35":0,"36":0,"37":0,"38":0,"39":0,"40":0,"41":0,"42":0,"43":0,"44":0,"45":0,"46":0,"47":0,"48":0,"49":0,"50":0,"51":0,"52":0,"53":0,"54":0,"55":0,"56":0,"57":0,"58":0,"59":0,"60":0,"61":2,"62":2},"f":{"0":5,"1":2,"2":2,"3":0,"4":0,"5":0,"6":0},"b":{"0":[1,1],"1":[2,2,2],"2":[1,1],"3":[1,0],"4":[0,0],"5":[0,0,0],"6":[0,0],"7":[0,0],"8":[0,0],"9":[0,0],"10":[2,0],"11":[2,2],"12":[2,0],"13":[2,2],"14":[2,0],"15":[2,2]}}
,"C:\\Projects\\clinicplus\\apps\\api\\src\\auth\\default-access.ts": {"path":"C:\\Projects\\clinicplus\\apps\\api\\src\\auth\\default-access.ts","statementMap":{"0":{"start":{"line":1,"column":13},"end":{"line":144,"column":11}},"1":{"start":{"line":146,"column":13},"end":{"line":259,"column":2}},"2":{"start":{"line":148,"column":20},"end":{"line":148,"column":63}},"3":{"start":{"line":151,"column":20},"end":{"line":151,"column":63}},"4":{"start":{"line":155,"column":6},"end":{"line":155,"column":70}},"5":{"start":{"line":156,"column":24},"end":{"line":156,"column":67}}},"fnMap":{"0":{"name":"(anonymous_0)","decl":{"start":{"line":148,"column":4},"end":{"line":148,"column":5}},"loc":{"start":{"line":148,"column":20},"end":{"line":148,"column":63}}},"1":{"name":"(anonymous_1)","decl":{"start":{"line":151,"column":4},"end":{"line":151,"column":5}},"loc":{"start":{"line":151,"column":20},"end":{"line":151,"column":63}}},"2":{"name":"(anonymous_2)","decl":{"start":{"line":154,"column":4},"end":{"line":154,"column":5}},"loc":{"start":{"line":155,"column":6},"end":{"line":155,"column":70}}},"3":{"name":"(anonymous_3)","decl":{"start":{"line":156,"column":8},"end":{"line":156,"column":9}},"loc":{"start":{"line":156,"column":24},"end":{"line":156,"column":67}}}},"branchMap":{"0":{"loc":{"start":{"line":155,"column":8},"end":{"line":155,"column":69}},"type":"binary-expr","locations":[{"start":{"line":155,"column":8},"end":{"line":155,"column":37}},{"start":{"line":155,"column":41},"end":{"line":155,"column":69}}]}},"s":{"0":2,"1":2,"2":84,"3":84,"4":84,"5":82},"f":{"0":84,"1":84,"2":84,"3":82},"b":{"0":[84,2]}}
,"C:\\Projects\\clinicplus\\apps\\api\\src\\auth\\decorators\\permissions.decorator.ts": {"path":"C:\\Projects\\clinicplus\\apps\\api\\src\\auth\\decorators\\permissions.decorator.ts","statementMap":{"0":{"start":{"line":1,"column":0},"end":{"line":1,"column":45}},"1":{"start":{"line":3,"column":13},"end":{"line":3,"column":45}},"2":{"start":{"line":4,"column":27},"end":{"line":5,"column":43}},"3":{"start":{"line":5,"column":2},"end":{"line":5,"column":43}},"4":{"start":{"line":4,"column":13},"end":{"line":4,"column":27}}},"fnMap":{"0":{"name":"(anonymous_0)","decl":{"start":{"line":4,"column":27},"end":{"line":4,"column":28}},"loc":{"start":{"line":5,"column":2},"end":{"line":5,"column":43}}}},"branchMap":{},"s":{"0":3,"1":3,"2":3,"3":2,"4":3},"f":{"0":2},"b":{}}
,"C:\\Projects\\clinicplus\\apps\\api\\src\\auth\\decorators\\roles.decorator.ts": {"path":"C:\\Projects\\clinicplus\\apps\\api\\src\\auth\\decorators\\roles.decorator.ts","statementMap":{"0":{"start":{"line":1,"column":0},"end":{"line":1,"column":45}},"1":{"start":{"line":3,"column":13},"end":{"line":3,"column":33}},"2":{"start":{"line":4,"column":21},"end":{"line":4,"column":74}},"3":{"start":{"line":4,"column":45},"end":{"line":4,"column":74}},"4":{"start":{"line":4,"column":13},"end":{"line":4,"column":21}}},"fnMap":{"0":{"name":"(anonymous_0)","decl":{"start":{"line":4,"column":21},"end":{"line":4,"column":22}},"loc":{"start":{"line":4,"column":45},"end":{"line":4,"column":74}}}},"branchMap":{},"s":{"0":3,"1":3,"2":3,"3":2,"4":3},"f":{"0":2},"b":{}}
,"C:\\Projects\\clinicplus\\apps\\api\\src\\auth\\dto\\login.dto.ts": {"path":"C:\\Projects\\clinicplus\\apps\\api\\src\\auth\\dto\\login.dto.ts","statementMap":{"0":{"start":{"line":1,"column":0},"end":{"line":1,"column":75}},"1":{"start":{"line":3,"column":0},"end":{"line":3,"column":13}},"2":{"start":{"line":6,"column":2},"end":{"line":6,"column":null}},"3":{"start":{"line":11,"column":2},"end":{"line":11,"column":null}}},"fnMap":{},"branchMap":{},"s":{"0":1,"1":1,"2":1,"3":1},"f":{},"b":{}}
,"C:\\Projects\\clinicplus\\apps\\api\\src\\auth\\dto\\register.dto.ts": {"path":"C:\\Projects\\clinicplus\\apps\\api\\src\\auth\\dto\\register.dto.ts","statementMap":{"0":{"start":{"line":1,"column":0},"end":{"line":1,"column":null}},"1":{"start":{"line":9,"column":0},"end":{"line":9,"column":13}},"2":{"start":{"line":13,"column":2},"end":{"line":13,"column":null}},"3":{"start":{"line":18,"column":2},"end":{"line":18,"column":null}},"4":{"start":{"line":22,"column":2},"end":{"line":22,"column":null}},"5":{"start":{"line":26,"column":2},"end":{"line":26,"column":null}},"6":{"start":{"line":30,"column":2},"end":{"line":30,"column":null}},"7":{"start":{"line":35,"column":2},"end":{"line":35,"column":null}},"8":{"start":{"line":39,"column":2},"end":{"line":39,"column":null}},"9":{"start":{"line":43,"column":2},"end":{"line":43,"column":null}},"10":{"start":{"line":47,"column":2},"end":{"line":47,"column":null}},"11":{"start":{"line":51,"column":2},"end":{"line":51,"column":null}},"12":{"start":{"line":55,"column":2},"end":{"line":55,"column":null}},"13":{"start":{"line":59,"column":2},"end":{"line":59,"column":null}}},"fnMap":{},"branchMap":{},"s":{"0":1,"1":1,"2":1,"3":1,"4":1,"5":1,"6":1,"7":1,"8":1,"9":1,"10":1,"11":1,"12":1,"13":1},"f":{},"b":{}}
,"C:\\Projects\\clinicplus\\apps\\api\\src\\auth\\guards\\jwt-auth.guard.ts": {"path":"C:\\Projects\\clinicplus\\apps\\api\\src\\auth\\guards\\jwt-auth.guard.ts","statementMap":{"0":{"start":{"line":1,"column":0},"end":{"line":1,"column":44}},"1":{"start":{"line":2,"column":0},"end":{"line":2,"column":45}},"2":{"start":{"line":5,"column":7},"end":{"line":5,"column":null}},"3":{"start":{"line":5,"column":13},"end":{"line":5,"column":25}},"4":{"start":{"line":5,"column":13},"end":{"line":5,"column":null}}},"fnMap":{},"branchMap":{},"s":{"0":9,"1":9,"2":9,"3":9,"4":9},"f":{},"b":{}}
,"C:\\Projects\\clinicplus\\apps\\api\\src\\auth\\guards\\local-auth.guard.ts": {"path":"C:\\Projects\\clinicplus\\apps\\api\\src\\auth\\guards\\local-auth.guard.ts","statementMap":{"0":{"start":{"line":1,"column":0},"end":{"line":1,"column":44}},"1":{"start":{"line":2,"column":0},"end":{"line":2,"column":45}},"2":{"start":{"line":5,"column":7},"end":{"line":5,"column":null}},"3":{"start":{"line":5,"column":13},"end":{"line":5,"column":27}},"4":{"start":{"line":5,"column":13},"end":{"line":5,"column":null}}},"fnMap":{},"branchMap":{},"s":{"0":0,"1":0,"2":0,"3":0,"4":0},"f":{},"b":{}}
,"C:\\Projects\\clinicplus\\apps\\api\\src\\auth\\guards\\permissions.guard.ts": {"path":"C:\\Projects\\clinicplus\\apps\\api\\src\\auth\\guards\\permissions.guard.ts","statementMap":{"0":{"start":{"line":1,"column":0},"end":{"line":1,"column":75}},"1":{"start":{"line":2,"column":0},"end":{"line":2,"column":41}},"2":{"start":{"line":3,"column":0},"end":{"line":3,"column":70}},"3":{"start":{"line":4,"column":0},"end":{"line":4,"column":54}},"4":{"start":{"line":7,"column":7},"end":{"line":30,"column":null}},"5":{"start":{"line":8,"column":22},"end":{"line":8,"column":33}},"6":{"start":{"line":11,"column":32},"end":{"line":13,"column":null}},"7":{"start":{"line":15,"column":4},"end":{"line":17,"column":5}},"8":{"start":{"line":16,"column":6},"end":{"line":16,"column":18}},"9":{"start":{"line":18,"column":21},"end":{"line":18,"column":56}},"10":{"start":{"line":19,"column":4},"end":{"line":21,"column":5}},"11":{"start":{"line":20,"column":6},"end":{"line":20,"column":19}},"12":{"start":{"line":22,"column":31},"end":{"line":23,"column":null}},"13":{"start":{"line":26,"column":4},"end":{"line":28,"column":65}},"14":{"start":{"line":28,"column":29},"end":{"line":28,"column":63}},"15":{"start":{"line":7,"column":13},"end":{"line":7,"column":29}},"16":{"start":{"line":7,"column":13},"end":{"line":30,"column":null}}},"fnMap":{"0":{"name":"(anonymous_2)","decl":{"start":{"line":8,"column":2},"end":{"line":8,"column":22}},"loc":{"start":{"line":8,"column":42},"end":{"line":8,"column":46}}},"1":{"name":"(anonymous_3)","decl":{"start":{"line":10,"column":2},"end":{"line":10,"column":13}},"loc":{"start":{"line":10,"column":39},"end":{"line":29,"column":3}}},"2":{"name":"(anonymous_4)","decl":{"start":{"line":28,"column":13},"end":{"line":28,"column":14}},"loc":{"start":{"line":28,"column":29},"end":{"line":28,"column":63}}}},"branchMap":{"0":{"loc":{"start":{"line":15,"column":4},"end":{"line":17,"column":5}},"type":"if","locations":[{"start":{"line":15,"column":4},"end":{"line":17,"column":5}},{"start":{},"end":{}}]},"1":{"loc":{"start":{"line":19,"column":4},"end":{"line":21,"column":5}},"type":"if","locations":[{"start":{"line":19,"column":4},"end":{"line":21,"column":5}},{"start":{},"end":{}}]},"2":{"loc":{"start":{"line":19,"column":8},"end":{"line":19,"column":34}},"type":"binary-expr","locations":[{"start":{"line":19,"column":8},"end":{"line":19,"column":13}},{"start":{"line":19,"column":17},"end":{"line":19,"column":34}}]},"3":{"loc":{"start":{"line":8,"column":33},"end":{"line":8,"column":45}},"type":"cond-expr","locations":[{"start":{"line":8,"column":42},"end":{"line":8,"column":45}},{"start":{"line":8,"column":42},"end":{"line":8,"column":45}}]},"4":{"loc":{"start":{"line":8,"column":33},"end":{"line":8,"column":42}},"type":"binary-expr","locations":[{"start":{"line":8,"column":33},"end":{"line":8,"column":45}},{"start":{"line":8,"column":33},"end":{"line":8,"column":42}}]}},"s":{"0":3,"1":3,"2":3,"3":3,"4":3,"5":9,"6":0,"7":0,"8":0,"9":0,"10":0,"11":0,"12":0,"13":0,"14":0,"15":3,"16":3},"f":{"0":9,"1":0,"2":0},"b":{"0":[0,0],"1":[0,0],"2":[0,0],"3":[3,0],"4":[3,3]}}
,"C:\\Projects\\clinicplus\\apps\\api\\src\\auth\\guards\\roles.guard.ts": {"path":"C:\\Projects\\clinicplus\\apps\\api\\src\\auth\\guards\\roles.guard.ts","statementMap":{"0":{"start":{"line":1,"column":0},"end":{"line":1,"column":75}},"1":{"start":{"line":2,"column":0},"end":{"line":2,"column":41}},"2":{"start":{"line":3,"column":0},"end":{"line":3,"column":58}},"3":{"start":{"line":4,"column":0},"end":{"line":4,"column":70}},"4":{"start":{"line":7,"column":7},"end":{"line":28,"column":null}},"5":{"start":{"line":8,"column":22},"end":{"line":8,"column":33}},"6":{"start":{"line":11,"column":26},"end":{"line":13,"column":null}},"7":{"start":{"line":15,"column":4},"end":{"line":17,"column":5}},"8":{"start":{"line":16,"column":6},"end":{"line":16,"column":18}},"9":{"start":{"line":18,"column":21},"end":{"line":18,"column":56}},"10":{"start":{"line":19,"column":4},"end":{"line":19,"column":28}},"11":{"start":{"line":19,"column":15},"end":{"line":19,"column":28}},"12":{"start":{"line":21,"column":22},"end":{"line":22,"column":null}},"13":{"start":{"line":24,"column":4},"end":{"line":26,"column":43}},"14":{"start":{"line":26,"column":22},"end":{"line":26,"column":41}},"15":{"start":{"line":7,"column":13},"end":{"line":7,"column":23}},"16":{"start":{"line":7,"column":13},"end":{"line":28,"column":null}}},"fnMap":{"0":{"name":"(anonymous_2)","decl":{"start":{"line":8,"column":2},"end":{"line":8,"column":22}},"loc":{"start":{"line":8,"column":42},"end":{"line":8,"column":46}}},"1":{"name":"(anonymous_3)","decl":{"start":{"line":10,"column":2},"end":{"line":10,"column":13}},"loc":{"start":{"line":10,"column":39},"end":{"line":27,"column":3}}},"2":{"name":"(anonymous_4)","decl":{"start":{"line":26,"column":12},"end":{"line":26,"column":13}},"loc":{"start":{"line":26,"column":22},"end":{"line":26,"column":41}}}},"branchMap":{"0":{"loc":{"start":{"line":15,"column":4},"end":{"line":17,"column":5}},"type":"if","locations":[{"start":{"line":15,"column":4},"end":{"line":17,"column":5}},{"start":{},"end":{}}]},"1":{"loc":{"start":{"line":19,"column":4},"end":{"line":19,"column":28}},"type":"if","locations":[{"start":{"line":19,"column":4},"end":{"line":19,"column":28}},{"start":{},"end":{}}]},"2":{"loc":{"start":{"line":8,"column":33},"end":{"line":8,"column":45}},"type":"cond-expr","locations":[{"start":{"line":8,"column":42},"end":{"line":8,"column":45}},{"start":{"line":8,"column":42},"end":{"line":8,"column":45}}]},"3":{"loc":{"start":{"line":8,"column":33},"end":{"line":8,"column":42}},"type":"binary-expr","locations":[{"start":{"line":8,"column":33},"end":{"line":8,"column":45}},{"start":{"line":8,"column":33},"end":{"line":8,"column":42}}]}},"s":{"0":3,"1":3,"2":3,"3":3,"4":3,"5":9,"6":0,"7":0,"8":0,"9":0,"10":0,"11":0,"12":0,"13":0,"14":0,"15":3,"16":3},"f":{"0":9,"1":0,"2":0},"b":{"0":[0,0],"1":[0,0],"2":[3,0],"3":[3,3]}}
,"C:\\Projects\\clinicplus\\apps\\api\\src\\auth\\strategies\\jwt.strategy.ts": {"path":"C:\\Projects\\clinicplus\\apps\\api\\src\\auth\\strategies\\jwt.strategy.ts","statementMap":{"0":{"start":{"line":1,"column":0},"end":{"line":1,"column":44}},"1":{"start":{"line":2,"column":0},"end":{"line":2,"column":52}},"2":{"start":{"line":3,"column":0},"end":{"line":3,"column":52}},"3":{"start":{"line":4,"column":0},"end":{"line":4,"column":47}},"4":{"start":{"line":5,"column":0},"end":{"line":5,"column":57}},"5":{"start":{"line":6,"column":0},"end":{"line":6,"column":75}},"6":{"start":{"line":9,"column":7},"end":{"line":45,"column":null}},"7":{"start":{"line":14,"column":4},"end":{"line":18,"column":7}},"8":{"start":{"line":11,"column":12},"end":{"line":11,"column":27}},"9":{"start":{"line":12,"column":12},"end":{"line":12,"column":26}},"10":{"start":{"line":22,"column":17},"end":{"line":22,"column":67}},"11":{"start":{"line":23,"column":4},"end":{"line":25,"column":5}},"12":{"start":{"line":24,"column":6},"end":{"line":24,"column":18}},"13":{"start":{"line":27,"column":18},"end":{"line":29,"column":36}},"14":{"start":{"line":30,"column":24},"end":{"line":32,"column":42}},"15":{"start":{"line":34,"column":4},"end":{"line":43,"column":6}},"16":{"start":{"line":9,"column":13},"end":{"line":9,"column":24}},"17":{"start":{"line":9,"column":13},"end":{"line":45,"column":null}}},"fnMap":{"0":{"name":"(anonymous_2)","decl":{"start":{"line":10,"column":2},"end":{"line":10,"column":null}},"loc":{"start":{"line":12,"column":38},"end":{"line":19,"column":3}}},"1":{"name":"(anonymous_3)","decl":{"start":{"line":21,"column":2},"end":{"line":21,"column":7}},"loc":{"start":{"line":21,"column":29},"end":{"line":44,"column":3}}}},"branchMap":{"0":{"loc":{"start":{"line":17,"column":19},"end":{"line":17,"column":76}},"type":"binary-expr","locations":[{"start":{"line":17,"column":19},"end":{"line":17,"column":58}},{"start":{"line":17,"column":62},"end":{"line":17,"column":76}}]},"1":{"loc":{"start":{"line":23,"column":4},"end":{"line":25,"column":5}},"type":"if","locations":[{"start":{"line":23,"column":4},"end":{"line":25,"column":5}},{"start":{},"end":{}}]},"2":{"loc":{"start":{"line":27,"column":18},"end":{"line":29,"column":36}},"type":"cond-expr","locations":[{"start":{"line":28,"column":8},"end":{"line":28,"column":21}},{"start":{"line":29,"column":8},"end":{"line":29,"column":36}}]},"3":{"loc":{"start":{"line":30,"column":24},"end":{"line":32,"column":42}},"type":"cond-expr","locations":[{"start":{"line":31,"column":8},"end":{"line":31,"column":27}},{"start":{"line":32,"column":8},"end":{"line":32,"column":42}}]},"4":{"loc":{"start":{"line":11,"column":27},"end":{"line":11,"column":null}},"type":"cond-expr","locations":[{"start":{"line":11,"column":40},"end":{"line":11,"column":null}},{"start":{"line":11,"column":40},"end":{"line":11,"column":null}}]},"5":{"loc":{"start":{"line":11,"column":27},"end":{"line":11,"column":40}},"type":"binary-expr","locations":[{"start":{"line":11,"column":27},"end":{"line":11,"column":null}},{"start":{"line":11,"column":27},"end":{"line":11,"column":40}}]},"6":{"loc":{"start":{"line":11,"column":40},"end":{"line":12,"column":null}},"type":"cond-expr","locations":[{"start":{"line":12,"column":38},"end":{"line":12,"column":null}},{"start":{"line":12,"column":38},"end":{"line":12,"column":null}}]},"7":{"loc":{"start":{"line":11,"column":40},"end":{"line":12,"column":38}},"type":"binary-expr","locations":[{"start":{"line":11,"column":40},"end":{"line":12,"column":null}},{"start":{"line":12,"column":26},"end":{"line":12,"column":38}}]}},"s":{"0":0,"1":0,"2":0,"3":0,"4":0,"5":0,"6":0,"7":0,"8":0,"9":0,"10":0,"11":0,"12":0,"13":0,"14":0,"15":0,"16":0,"17":0},"f":{"0":0,"1":0},"b":{"0":[0,0],"1":[0,0],"2":[0,0],"3":[0,0],"4":[0,0],"5":[0,0],"6":[0,0],"7":[0,0]}}
,"C:\\Projects\\clinicplus\\apps\\api\\src\\auth\\strategies\\local.strategy.ts": {"path":"C:\\Projects\\clinicplus\\apps\\api\\src\\auth\\strategies\\local.strategy.ts","statementMap":{"0":{"start":{"line":1,"column":0},"end":{"line":1,"column":67}},"1":{"start":{"line":2,"column":0},"end":{"line":2,"column":52}},"2":{"start":{"line":3,"column":0},"end":{"line":3,"column":42}},"3":{"start":{"line":4,"column":0},"end":{"line":4,"column":46}},"4":{"start":{"line":7,"column":7},"end":{"line":19,"column":null}},"5":{"start":{"line":9,"column":4},"end":{"line":9,"column":38}},"6":{"start":{"line":8,"column":22},"end":{"line":8,"column":35}},"7":{"start":{"line":13,"column":17},"end":{"line":13,"column":69}},"8":{"start":{"line":14,"column":4},"end":{"line":16,"column":5}},"9":{"start":{"line":15,"column":6},"end":{"line":15,"column":40}},"10":{"start":{"line":17,"column":4},"end":{"line":17,"column":16}},"11":{"start":{"line":7,"column":13},"end":{"line":7,"column":26}},"12":{"start":{"line":7,"column":13},"end":{"line":19,"column":null}}},"fnMap":{"0":{"name":"(anonymous_2)","decl":{"start":{"line":8,"column":2},"end":{"line":8,"column":22}},"loc":{"start":{"line":8,"column":46},"end":{"line":10,"column":3}}},"1":{"name":"(anonymous_3)","decl":{"start":{"line":12,"column":2},"end":{"line":12,"column":7}},"loc":{"start":{"line":12,"column":48},"end":{"line":18,"column":3}}}},"branchMap":{"0":{"loc":{"start":{"line":14,"column":4},"end":{"line":16,"column":5}},"type":"if","locations":[{"start":{"line":14,"column":4},"end":{"line":16,"column":5}},{"start":{},"end":{}}]},"1":{"loc":{"start":{"line":8,"column":35},"end":{"line":8,"column":null}},"type":"cond-expr","locations":[{"start":{"line":8,"column":46},"end":{"line":8,"column":null}},{"start":{"line":8,"column":46},"end":{"line":8,"column":null}}]},"2":{"loc":{"start":{"line":8,"column":35},"end":{"line":8,"column":46}},"type":"binary-expr","locations":[{"start":{"line":8,"column":35},"end":{"line":8,"column":null}},{"start":{"line":8,"column":35},"end":{"line":8,"column":46}}]}},"s":{"0":0,"1":0,"2":0,"3":0,"4":0,"5":0,"6":0,"7":0,"8":0,"9":0,"10":0,"11":0,"12":0},"f":{"0":0,"1":0},"b":{"0":[0,0],"1":[0,0],"2":[0,0]}}
,"C:\\Projects\\clinicplus\\apps\\api\\src\\branches\\branches.controller.ts": {"path":"C:\\Projects\\clinicplus\\apps\\api\\src\\branches\\branches.controller.ts","statementMap":{"0":{"start":{"line":1,"column":0},"end":{"line":1,"column":44}},"1":{"start":{"line":4,"column":7},"end":{"line":4,"column":null}},"2":{"start":{"line":4,"column":13},"end":{"line":4,"column":31}},"3":{"start":{"line":4,"column":13},"end":{"line":4,"column":null}}},"fnMap":{},"branchMap":{},"s":{"0":0,"1":0,"2":0,"3":0},"f":{},"b":{}}
,"C:\\Projects\\clinicplus\\apps\\api\\src\\branches\\branches.module.ts": {"path":"C:\\Projects\\clinicplus\\apps\\api\\src\\branches\\branches.module.ts","statementMap":{"0":{"start":{"line":1,"column":0},"end":{"line":1,"column":40}},"1":{"start":{"line":2,"column":0},"end":{"line":2,"column":59}},"2":{"start":{"line":3,"column":0},"end":{"line":3,"column":53}},"3":{"start":{"line":9,"column":7},"end":{"line":9,"column":null}},"4":{"start":{"line":9,"column":13},"end":{"line":9,"column":27}},"5":{"start":{"line":9,"column":13},"end":{"line":9,"column":null}}},"fnMap":{},"branchMap":{},"s":{"0":0,"1":0,"2":0,"3":0,"4":0,"5":0},"f":{},"b":{}}
,"C:\\Projects\\clinicplus\\apps\\api\\src\\branches\\branches.service.ts": {"path":"C:\\Projects\\clinicplus\\apps\\api\\src\\branches\\branches.service.ts","statementMap":{"0":{"start":{"line":1,"column":0},"end":{"line":1,"column":44}},"1":{"start":{"line":4,"column":7},"end":{"line":4,"column":null}},"2":{"start":{"line":4,"column":13},"end":{"line":4,"column":28}},"3":{"start":{"line":4,"column":13},"end":{"line":4,"column":null}}},"fnMap":{},"branchMap":{},"s":{"0":0,"1":0,"2":0,"3":0},"f":{},"b":{}}
,"C:\\Projects\\clinicplus\\apps\\api\\src\\common\\filters\\all-exceptions.filter.ts": {"path":"C:\\Projects\\clinicplus\\apps\\api\\src\\common\\filters\\all-exceptions.filter.ts","statementMap":{"0":{"start":{"line":1,"column":0},"end":{"line":1,"column":null}},"1":{"start":{"line":11,"column":7},"end":{"line":44,"column":null}},"2":{"start":{"line":13,"column":16},"end":{"line":13,"column":35}},"3":{"start":{"line":14,"column":21},"end":{"line":14,"column":48}},"4":{"start":{"line":15,"column":20},"end":{"line":15,"column":45}},"5":{"start":{"line":18,"column":6},"end":{"line":20,"column":42}},"6":{"start":{"line":23,"column":6},"end":{"line":25,"column":33}},"7":{"start":{"line":27,"column":26},"end":{"line":34,"column":6}},"8":{"start":{"line":37,"column":4},"end":{"line":40,"column":6}},"9":{"start":{"line":42,"column":4},"end":{"line":42,"column":48}},"10":{"start":{"line":11,"column":13},"end":{"line":11,"column":32}},"11":{"start":{"line":11,"column":13},"end":{"line":44,"column":null}}},"fnMap":{"0":{"name":"(anonymous_1)","decl":{"start":{"line":12,"column":2},"end":{"line":12,"column":7}},"loc":{"start":{"line":12,"column":47},"end":{"line":43,"column":3}}}},"branchMap":{"0":{"loc":{"start":{"line":18,"column":6},"end":{"line":20,"column":42}},"type":"cond-expr","locations":[{"start":{"line":19,"column":10},"end":{"line":19,"column":31}},{"start":{"line":20,"column":10},"end":{"line":20,"column":42}}]},"1":{"loc":{"start":{"line":23,"column":6},"end":{"line":25,"column":33}},"type":"cond-expr","locations":[{"start":{"line":24,"column":10},"end":{"line":24,"column":33}},{"start":{"line":25,"column":10},"end":{"line":25,"column":33}}]},"2":{"loc":{"start":{"line":32,"column":15},"end":{"line":32,"column":79}},"type":"cond-expr","locations":[{"start":{"line":32,"column":46},"end":{"line":32,"column":69}},{"start":{"line":32,"column":72},"end":{"line":32,"column":79}}]},"3":{"loc":{"start":{"line":33,"column":13},"end":{"line":33,"column":75}},"type":"cond-expr","locations":[{"start":{"line":33,"column":44},"end":{"line":33,"column":65}},{"start":{"line":33,"column":68},"end":{"line":33,"column":75}}]}},"s":{"0":0,"1":0,"2":0,"3":0,"4":0,"5":0,"6":0,"7":0,"8":0,"9":0,"10":0,"11":0},"f":{"0":0},"b":{"0":[0,0],"1":[0,0],"2":[0,0],"3":[0,0]}}
,"C:\\Projects\\clinicplus\\apps\\api\\src\\common\\interceptors\\audit.interceptor.ts": {"path":"C:\\Projects\\clinicplus\\apps\\api\\src\\common\\interceptors\\audit.interceptor.ts","statementMap":{"0":{"start":{"line":1,"column":0},"end":{"line":1,"column":null}},"1":{"start":{"line":8,"column":0},"end":{"line":8,"column":37}},"2":{"start":{"line":9,"column":0},"end":{"line":9,"column":57}},"3":{"start":{"line":12,"column":7},"end":{"line":54,"column":null}},"4":{"start":{"line":13,"column":22},"end":{"line":13,"column":36}},"5":{"start":{"line":16,"column":20},"end":{"line":16,"column":55}},"6":{"start":{"line":17,"column":40},"end":{"line":17,"column":47}},"7":{"start":{"line":19,"column":4},"end":{"line":52,"column":6}},"8":{"start":{"line":22,"column":8},"end":{"line":34,"column":9}},"9":{"start":{"line":23,"column":10},"end":{"line":32,"column":13}},"10":{"start":{"line":33,"column":10},"end":{"line":33,"column":17}},"11":{"start":{"line":36,"column":8},"end":{"line":36,"column":26}},"12":{"start":{"line":36,"column":19},"end":{"line":36,"column":26}},"13":{"start":{"line":39,"column":8},"end":{"line":50,"column":9}},"14":{"start":{"line":40,"column":10},"end":{"line":49,"column":13}},"15":{"start":{"line":12,"column":13},"end":{"line":12,"column":29}},"16":{"start":{"line":12,"column":13},"end":{"line":54,"column":null}}},"fnMap":{"0":{"name":"(anonymous_2)","decl":{"start":{"line":13,"column":2},"end":{"line":13,"column":22}},"loc":{"start":{"line":13,"column":48},"end":{"line":13,"column":52}}},"1":{"name":"(anonymous_3)","decl":{"start":{"line":15,"column":2},"end":{"line":15,"column":11}},"loc":{"start":{"line":15,"column":56},"end":{"line":53,"column":3}}},"2":{"name":"(anonymous_4)","decl":{"start":{"line":20,"column":10},"end":{"line":20,"column":11}},"loc":{"start":{"line":20,"column":19},"end":{"line":51,"column":7}}}},"branchMap":{"0":{"loc":{"start":{"line":22,"column":8},"end":{"line":34,"column":9}},"type":"if","locations":[{"start":{"line":22,"column":8},"end":{"line":34,"column":9}},{"start":{},"end":{}}]},"1":{"loc":{"start":{"line":22,"column":12},"end":{"line":22,"column":60}},"type":"binary-expr","locations":[{"start":{"line":22,"column":12},"end":{"line":22,"column":39}},{"start":{"line":22,"column":43},"end":{"line":22,"column":60}}]},"2":{"loc":{"start":{"line":24,"column":28},"end":{"line":24,"column":66}},"type":"binary-expr","locations":[{"start":{"line":24,"column":28},"end":{"line":24,"column":54}},{"start":{"line":24,"column":58},"end":{"line":24,"column":66}}]},"3":{"loc":{"start":{"line":25,"column":20},"end":{"line":25,"column":49}},"type":"binary-expr","locations":[{"start":{"line":25,"column":20},"end":{"line":25,"column":34}},{"start":{"line":25,"column":38},"end":{"line":25,"column":49}}]},"4":{"loc":{"start":{"line":36,"column":8},"end":{"line":36,"column":26}},"type":"if","locations":[{"start":{"line":36,"column":8},"end":{"line":36,"column":26}},{"start":{},"end":{}}]},"5":{"loc":{"start":{"line":39,"column":8},"end":{"line":50,"column":9}},"type":"if","locations":[{"start":{"line":39,"column":8},"end":{"line":50,"column":9}},{"start":{},"end":{}}]},"6":{"loc":{"start":{"line":44,"column":22},"end":{"line":44,"column":52}},"type":"binary-expr","locations":[{"start":{"line":44,"column":22},"end":{"line":44,"column":39}},{"start":{"line":44,"column":43},"end":{"line":44,"column":52}}]},"7":{"loc":{"start":{"line":45,"column":24},"end":{"line":45,"column":65}},"type":"binary-expr","locations":[{"start":{"line":45,"column":24},"end":{"line":45,"column":32}},{"start":{"line":45,"column":36},"end":{"line":45,"column":44}},{"start":{"line":45,"column":48},"end":{"line":45,"column":65}}]},"8":{"loc":{"start":{"line":13,"column":36},"end":{"line":13,"column":51}},"type":"cond-expr","locations":[{"start":{"line":13,"column":48},"end":{"line":13,"column":51}},{"start":{"line":13,"column":48},"end":{"line":13,"column":51}}]},"9":{"loc":{"start":{"line":13,"column":36},"end":{"line":13,"column":48}},"type":"binary-expr","locations":[{"start":{"line":13,"column":36},"end":{"line":13,"column":51}},{"start":{"line":13,"column":36},"end":{"line":13,"column":48}}]}},"s":{"0":0,"1":0,"2":0,"3":0,"4":0,"5":0,"6":0,"7":0,"8":0,"9":0,"10":0,"11":0,"12":0,"13":0,"14":0,"15":0,"16":0},"f":{"0":0,"1":0,"2":0},"b":{"0":[0,0],"1":[0,0],"2":[0,0],"3":[0,0],"4":[0,0],"5":[0,0],"6":[0,0],"7":[0,0,0],"8":[0,0],"9":[0,0]}}
,"C:\\Projects\\clinicplus\\apps\\api\\src\\common\\interceptors\\timeline.interceptor.ts": {"path":"C:\\Projects\\clinicplus\\apps\\api\\src\\common\\interceptors\\timeline.interceptor.ts","statementMap":{"0":{"start":{"line":1,"column":0},"end":{"line":1,"column":null}},"1":{"start":{"line":8,"column":0},"end":{"line":8,"column":37}},"2":{"start":{"line":9,"column":0},"end":{"line":9,"column":66}},"3":{"start":{"line":12,"column":7},"end":{"line":90,"column":null}},"4":{"start":{"line":13,"column":22},"end":{"line":13,"column":39}},"5":{"start":{"line":16,"column":20},"end":{"line":16,"column":55}},"6":{"start":{"line":17,"column":40},"end":{"line":17,"column":47}},"7":{"start":{"line":19,"column":4},"end":{"line":19,"column":36}},"8":{"start":{"line":19,"column":15},"end":{"line":19,"column":36}},"9":{"start":{"line":21,"column":4},"end":{"line":88,"column":6}},"10":{"start":{"line":24,"column":8},"end":{"line":86,"column":9}},"11":{"start":{"line":26,"column":12},"end":{"line":28,"column":66}},"12":{"start":{"line":30,"column":10},"end":{"line":85,"column":11}},"13":{"start":{"line":32,"column":27},"end":{"line":32,"column":44}},"14":{"start":{"line":33,"column":28},"end":{"line":33,"column":30}},"15":{"start":{"line":34,"column":24},"end":{"line":34,"column":26}},"16":{"start":{"line":36,"column":12},"end":{"line":69,"column":13}},"17":{"start":{"line":38,"column":16},"end":{"line":41,"column":44}},"18":{"start":{"line":42,"column":16},"end":{"line":43,"column":80}},"19":{"start":{"line":44,"column":16},"end":{"line":44,"column":22}},"20":{"start":{"line":46,"column":16},"end":{"line":49,"column":45}},"21":{"start":{"line":50,"column":16},"end":{"line":53,"column":45}},"22":{"start":{"line":54,"column":16},"end":{"line":54,"column":22}},"23":{"start":{"line":56,"column":16},"end":{"line":56,"column":53}},"24":{"start":{"line":57,"column":16},"end":{"line":57,"column":46}},"25":{"start":{"line":58,"column":16},"end":{"line":58,"column":22}},"26":{"start":{"line":60,"column":16},"end":{"line":60,"column":48}},"27":{"start":{"line":61,"column":16},"end":{"line":61,"column":44}},"28":{"start":{"line":62,"column":16},"end":{"line":62,"column":22}},"29":{"start":{"line":64,"column":16},"end":{"line":64,"column":48}},"30":{"start":{"line":65,"column":16},"end":{"line":65,"column":43}},"31":{"start":{"line":66,"column":16},"end":{"line":66,"column":22}},"32":{"start":{"line":68,"column":16},"end":{"line":68,"column":23}},"33":{"start":{"line":71,"column":12},"end":{"line":84,"column":15}},"34":{"start":{"line":12,"column":13},"end":{"line":12,"column":32}},"35":{"start":{"line":12,"column":13},"end":{"line":90,"column":null}}},"fnMap":{"0":{"name":"(anonymous_2)","decl":{"start":{"line":13,"column":2},"end":{"line":13,"column":22}},"loc":{"start":{"line":13,"column":54},"end":{"line":13,"c
[...]
,"C:\\Projects\\clinicplus\\apps\\api\\src\\tasks\\tasks.controller.ts": {"path":"C:\\Projects\\clinicplus\\apps\\api\\src\\tasks\\tasks.controller.ts","statementMap":{"0":{"start":{"line":1,"column":0},"end":{"line":1,"column":null}},"1":{"start":{"line":12,"column":0},"end":{"line":12,"column":47}},"2":{"start":{"line":13,"column":0},"end":{"line":13,"column":61}},"3":{"start":{"line":14,"column":0},"end":{"line":14,"column":56}},"4":{"start":{"line":15,"column":0},"end":{"line":15,"column":68}},"5":{"start":{"line":16,"column":0},"end":{"line":16,"column":59}},"6":{"start":{"line":17,"column":0},"end":{"line":17,"column":71}},"7":{"start":{"line":21,"column":7},"end":{"line":79,"column":null}},"8":{"start":{"line":22,"column":31},"end":{"line":22,"column":45}},"9":{"start":{"line":35,"column":4},"end":{"line":40,"column":6}},"10":{"start":{"line":45,"column":4},"end":{"line":48,"column":6}},"11":{"start":{"line":53,"column":4},"end":{"line":57,"column":6}},"12":{"start":{"line":62,"column":4},"end":{"line":62,"column":33}},"13":{"start":{"line":63,"column":4},"end":{"line":68,"column":6}},"14":{"start":{"line":73,"column":4},"end":{"line":77,"column":6}},"15":{"start":{"line":21,"column":13},"end":{"line":21,"column":28}},"16":{"start":{"line":34,"column":2},"end":{"line":41,"column":null}},"17":{"start":{"line":44,"column":2},"end":{"line":49,"column":null}},"18":{"start":{"line":52,"column":2},"end":{"line":58,"column":null}},"19":{"start":{"line":61,"column":2},"end":{"line":69,"column":null}},"20":{"start":{"line":72,"column":2},"end":{"line":78,"column":null}},"21":{"start":{"line":21,"column":13},"end":{"line":79,"column":null}}},"fnMap":{"0":{"name":"(anonymous_4)","decl":{"start":{"line":22,"column":2},"end":{"line":22,"column":31}},"loc":{"start":{"line":22,"column":57},"end":{"line":22,"column":61}}},"1":{"name":"(anonymous_5)","decl":{"start":{"line":34,"column":2},"end":{"line":34,"column":8}},"loc":{"start":{"line":34,"column":42},"end":{"line":41,"column":3}}},"2":{"name":"(anonymous_6)","decl":{"start":{"line":44,"column":2},"end":{"line":44,"column":9}},"loc":{"start":{"line":44,"column":24},"end":{"line":49,"column":3}}},"3":{"name":"(anonymous_7)","decl":{"start":{"line":52,"column":2},"end":{"line":52,"column":9}},"loc":{"start":{"line":52,"column":49},"end":{"line":58,"column":3}}},"4":{"name":"(anonymous_8)","decl":{"start":{"line":61,"column":2},"end":{"line":61,"column":8}},"loc":{"start":{"line":61,"column":67},"end":{"line":69,"column":3}}},"5":{"name":"(anonymous_9)","decl":{"start":{"line":72,"column":2},"end":{"line":72,"column":8}},"loc":{"start":{"line":72,"column":48},"end":{"line":78,"column":3}}}},"branchMap":{"0":{"loc":{"start":{"line":22,"column":45},"end":{"line":22,"column":60}},"type":"cond-expr","locations":[{"start":{"line":22,"column":57},"end":{"line":22,"column":60}},{"start":{"line":22,"column":57},"end":{"line":22,"column":60}}]},"1":{"loc":{"start":{"line":22,"column":45},"end":{"line":22,"column":57}},"type":"binary-expr","locations":[{"start":{"line":22,"column":45},"end":{"line":22,"column":60}},{"start":{"line":22,"column":45},"end":{"line":22,"column":57}}]}},"s":{"0":1,"1":1,"2":1,"3":1,"4":1,"5":1,"6":1,"7":1,"8":5,"9":1,"10":1,"11":1,"12":1,"13":1,"14":1,"15":1,"16":1,"17":1,"18":1,"19":1,"20":1,"21":1},"f":{"0":5,"1":1,"2":1,"3":1,"4":1,"5":1},"b":{"0":[1,0],"1":[1,1]}}
,"C:\\Projects\\clinicplus\\apps\\api\\src\\tasks\\tasks.module.ts": {"path":"C:\\Projects\\clinicplus\\apps\\api\\src\\tasks\\tasks.module.ts","statementMap":{"0":{"start":{"line":1,"column":0},"end":{"line":1,"column":40}},"1":{"start":{"line":2,"column":0},"end":{"line":2,"column":53}},"2":{"start":{"line":3,"column":0},"end":{"line":3,"column":47}},"3":{"start":{"line":9,"column":7},"end":{"line":9,"column":null}},"4":{"start":{"line":9,"column":13},"end":{"line":9,"column":24}},"5":{"start":{"line":9,"column":13},"end":{"line":9,"column":null}}},"fnMap":{},"branchMap":{},"s":{"0":0,"1":0,"2":0,"3":0,"4":0,"5":0},"f":{},"b":{}}
,"C:\\Projects\\clinicplus\\apps\\api\\src\\tasks\\tasks.service.ts": {"path":"C:\\Projects\\clinicplus\\apps\\api\\src\\tasks\\tasks.service.ts","statementMap":{"0":{"start":{"line":1,"column":0},"end":{"line":1,"column":63}},"1":{"start":{"line":2,"column":0},"end":{"line":2,"column":57}},"2":{"start":{"line":6,"column":7},"end":{"line":94,"column":null}},"3":{"start":{"line":7,"column":22},"end":{"line":7,"column":30}},"4":{"start":{"line":15,"column":4},"end":{"line":22,"column":7}},"5":{"start":{"line":26,"column":4},"end":{"line":42,"column":7}},"6":{"start":{"line":46,"column":17},"end":{"line":56,"column":6}},"7":{"start":{"line":57,"column":4},"end":{"line":59,"column":5}},"8":{"start":{"line":58,"column":6},"end":{"line":58,"column":66}},"9":{"start":{"line":60,"column":4},"end":{"line":60,"column":16}},"10":{"start":{"line":70,"column":4},"end":{"line":70,"column":53}},"11":{"start":{"line":72,"column":4},"end":{"line":78,"column":7}},"12":{"start":{"line":83,"column":4},"end":{"line":83,"column":53}},"13":{"start":{"line":86,"column":4},"end":{"line":92,"column":7}},"14":{"start":{"line":6,"column":13},"end":{"line":6,"column":25}},"15":{"start":{"line":6,"column":13},"end":{"line":94,"column":null}}},"fnMap":{"0":{"name":"(anonymous_2)","decl":{"start":{"line":7,"column":2},"end":{"line":7,"column":22}},"loc":{"start":{"line":7,"column":43},"end":{"line":7,"column":47}}},"1":{"name":"(anonymous_3)","decl":{"start":{"line":9,"column":2},"end":{"line":9,"column":7}},"loc":{"start":{"line":13,"column":21},"end":{"line":23,"column":3}}},"2":{"name":"(anonymous_4)","decl":{"start":{"line":25,"column":2},"end":{"line":25,"column":7}},"loc":{"start":{"line":25,"column":56},"end":{"line":43,"column":3}}},"3":{"name":"(anonymous_5)","decl":{"start":{"line":45,"column":2},"end":{"line":45,"column":7}},"loc":{"start":{"line":45,"column":68},"end":{"line":61,"column":3}}},"4":{"name":"(anonymous_6)","decl":{"start":{"line":63,"column":2},"end":{"line":63,"column":7}},"loc":{"start":{"line":67,"column":20},"end":{"line":79,"column":3}}},"5":{"name":"(anonymous_7)","decl":{"start":{"line":81,"column":2},"end":{"line":81,"column":7}},"loc":{"start":{"line":81,"column":67},"end":{"line":93,"column":3}}}},"branchMap":{"0":{"loc":{"start":{"line":57,"column":4},"end":{"line":59,"column":5}},"type":"if","locations":[{"start":{"line":57,"column":4},"end":{"line":59,"column":5}},{"start":{},"end":{}}]},"1":{"loc":{"start":{"line":76,"column":19},"end":{"line":76,"column":39}},"type":"binary-expr","locations":[{"start":{"line":76,"column":19},"end":{"line":76,"column":33}},{"start":{"line":76,"column":37},"end":{"line":76,"column":39}}]},"2":{"loc":{"start":{"line":7,"column":30},"end":{"line":7,"column":46}},"type":"cond-expr","locations":[{"start":{"line":7,"column":43},"end":{"line":7,"column":46}},{"start":{"line":7,"column":43},"end":{"line":7,"column":46}}]},"3":{"loc":{"start":{"line":7,"column":30},"end":{"line":7,"column":43}},"type":"binary-expr","locations":[{"start":{"line":7,"column":30},"end":{"line":7,"column":46}},{"start":{"line":7,"column":30},"end":{"line":7,"column":43}}]}},"s":{"0":2,"1":2,"2":2,"3":6,"4":1,"5":1,"6":2,"7":2,"8":1,"9":1,"10":1,"11":1,"12":1,"13":1,"14":2,"15":2},"f":{"0":6,"1":1,"2":1,"3":2,"4":1,"5":1},"b":{"0":[1,1],"1":[1,0],"2":[2,0],"3":[2,2]}}
,"C:\\Projects\\clinicplus\\apps\\api\\src\\timeline\\timeline.controller.ts": {"path":"C:\\Projects\\clinicplus\\apps\\api\\src\\timeline\\timeline.controller.ts","statementMap":{"0":{"start":{"line":1,"column":0},"end":{"line":1,"column":76}},"1":{"start":{"line":2,"column":0},"end":{"line":2,"column":61}},"2":{"start":{"line":3,"column":0},"end":{"line":3,"column":53}},"3":{"start":{"line":7,"column":7},"end":{"line":17,"column":null}},"4":{"start":{"line":8,"column":31},"end":{"line":8,"column":48}},"5":{"start":{"line":12,"column":4},"end":{"line":15,"column":6}},"6":{"start":{"line":7,"column":13},"end":{"line":7,"column":31}},"7":{"start":{"line":11,"column":2},"end":{"line":16,"column":null}},"8":{"start":{"line":7,"column":13},"end":{"line":17,"column":null}}},"fnMap":{"0":{"name":"(anonymous_4)","decl":{"start":{"line":8,"column":2},"end":{"line":8,"column":31}},"loc":{"start":{"line":8,"column":63},"end":{"line":8,"column":67}}},"1":{"name":"(anonymous_5)","decl":{"start":{"line":11,"column":2},"end":{"line":11,"column":18}},"loc":{"start":{"line":11,"column":72},"end":{"line":16,"column":3}}}},"branchMap":{"0":{"loc":{"start":{"line":8,"column":48},"end":{"line":8,"column":66}},"type":"cond-expr","locations":[{"start":{"line":8,"column":63},"end":{"line":8,"column":66}},{"start":{"line":8,"column":63},"end":{"line":8,"column":66}}]},"1":{"loc":{"start":{"line":8,"column":48},"end":{"line":8,"column":63}},"type":"binary-expr","locations":[{"start":{"line":8,"column":48},"end":{"line":8,"column":66}},{"start":{"line":8,"column":48},"end":{"line":8,"column":63}}]}},"s":{"0":0,"1":0,"2":0,"3":0,"4":0,"5":0,"6":0,"7":0,"8":0},"f":{"0":0,"1":0},"b":{"0":[0,0],"1":[0,0]}}
,"C:\\Projects\\clinicplus\\apps\\api\\src\\timeline\\timeline.module.ts": {"path":"C:\\Projects\\clinicplus\\apps\\api\\src\\timeline\\timeline.module.ts","statementMap":{"0":{"start":{"line":1,"column":0},"end":{"line":1,"column":48}},"1":{"start":{"line":2,"column":0},"end":{"line":2,"column":53}},"2":{"start":{"line":3,"column":0},"end":{"line":3,"column":59}},"3":{"start":{"line":11,"column":7},"end":{"line":11,"column":null}},"4":{"start":{"line":11,"column":13},"end":{"line":11,"column":27}},"5":{"start":{"line":11,"column":13},"end":{"line":11,"column":null}}},"fnMap":{},"branchMap":{},"s":{"0":0,"1":0,"2":0,"3":0,"4":0,"5":0},"f":{},"b":{}}
,"C:\\Projects\\clinicplus\\apps\\api\\src\\timeline\\timeline.service.ts": {"path":"C:\\Projects\\clinicplus\\apps\\api\\src\\timeline\\timeline.service.ts","statementMap":{"0":{"start":{"line":1,"column":0},"end":{"line":1,"column":52}},"1":{"start":{"line":2,"column":0},"end":{"line":2,"column":57}},"2":{"start":{"line":5,"column":7},"end":{"line":42,"column":null}},"3":{"start":{"line":6,"column":22},"end":{"line":6,"column":30}},"4":{"start":{"line":18,"column":15},"end":{"line":18,"column":32}},"5":{"start":{"line":19,"column":4},"end":{"line":30,"column":7}},"6":{"start":{"line":34,"column":4},"end":{"line":40,"column":7}},"7":{"start":{"line":5,"column":13},"end":{"line":5,"column":28}},"8":{"start":{"line":5,"column":13},"end":{"line":42,"column":null}}},"fnMap":{"0":{"name":"(anonymous_2)","decl":{"start":{"line":6,"column":2},"end":{"line":6,"column":22}},"loc":{"start":{"line":6,"column":43},"end":{"line":6,"column":47}}},"1":{"name":"(anonymous_3)","decl":{"start":{"line":8,"column":2},"end":{"line":8,"column":7}},"loc":{"start":{"line":17,"column":13},"end":{"line":31,"column":3}}},"2":{"name":"(anonymous_4)","decl":{"start":{"line":33,"column":2},"end":{"line":33,"column":7}},"loc":{"start":{"line":33,"column":66},"end":{"line":41,"column":3}}}},"branchMap":{"0":{"loc":{"start":{"line":18,"column":15},"end":{"line":18,"column":32}},"type":"binary-expr","locations":[{"start":{"line":18,"column":15},"end":{"line":18,"column":17}},{"start":{"line":18,"column":21},"end":{"line":18,"column":32}}]},"1":{"loc":{"start":{"line":6,"column":30},"end":{"line":6,"column":46}},"type":"cond-expr","locations":[{"start":{"line":6,"column":43},"end":{"line":6,"column":46}},{"start":{"line":6,"column":43},"end":{"line":6,"column":46}}]},"2":{"loc":{"start":{"line":6,"column":30},"end":{"line":6,"column":43}},"type":"binary-expr","locations":[{"start":{"line":6,"column":30},"end":{"line":6,"column":46}},{"start":{"line":6,"column":30},"end":{"line":6,"column":43}}]}},"s":{"0":1,"1":1,"2":1,"3":0,"4":0,"5":0,"6":0,"7":1,"8":1},"f":{"0":0,"1":0,"2":0},"b":{"0":[0,0],"1":[1,0],"2":[1,1]}}
,"C:\\Projects\\clinicplus\\apps\\api\\src\\users\\users.controller.ts": {"path":"C:\\Projects\\clinicplus\\apps\\api\\src\\users\\users.controller.ts","statementMap":{"0":{"start":{"line":1,"column":0},"end":{"line":1,"column":null}},"1":{"start":{"line":9,"column":0},"end":{"line":9,"column":61}},"2":{"start":{"line":10,"column":0},"end":{"line":10,"column":47}},"3":{"start":{"line":14,"column":7},"end":{"line":34,"column":null}},"4":{"start":{"line":15,"column":31},"end":{"line":15,"column":45}},"5":{"start":{"line":19,"column":4},"end":{"line":23,"column":6}},"6":{"start":{"line":28,"column":4},"end":{"line":32,"column":6}},"7":{"start":{"line":14,"column":13},"end":{"line":14,"column":28}},"8":{"start":{"line":18,"column":2},"end":{"line":24,"column":null}},"9":{"start":{"line":27,"column":2},"end":{"line":33,"column":null}},"10":{"start":{"line":14,"column":13},"end":{"line":34,"column":null}}},"fnMap":{"0":{"name":"(anonymous_4)","decl":{"start":{"line":15,"column":2},"end":{"line":15,"column":31}},"loc":{"start":{"line":15,"column":57},"end":{"line":15,"column":61}}},"1":{"name":"(anonymous_5)","decl":{"start":{"line":18,"column":2},"end":{"line":18,"column":9}},"loc":{"start":{"line":18,"column":54},"end":{"line":24,"column":3}}},"2":{"name":"(anonymous_6)","decl":{"start":{"line":27,"column":2},"end":{"line":27,"column":9}},"loc":{"start":{"line":27,"column":49},"end":{"line":33,"column":3}}}},"branchMap":{"0":{"loc":{"start":{"line":15,"column":45},"end":{"line":15,"column":60}},"type":"cond-expr","locations":[{"start":{"line":15,"column":57},"end":{"line":15,"column":60}},{"start":{"line":15,"column":57},"end":{"line":15,"column":60}}]},"1":{"loc":{"start":{"line":15,"column":45},"end":{"line":15,"column":57}},"type":"binary-expr","locations":[{"start":{"line":15,"column":45},"end":{"line":15,"column":60}},{"start":{"line":15,"column":45},"end":{"line":15,"column":57}}]}},"s":{"0":0,"1":0,"2":0,"3":0,"4":0,"5":0,"6":0,"7":0,"8":0,"9":0,"10":0},"f":{"0":0,"1":0,"2":0},"b":{"0":[0,0],"1":[0,0]}}
,"C:\\Projects\\clinicplus\\apps\\api\\src\\users\\users.module.ts": {"path":"C:\\Projects\\clinicplus\\apps\\api\\src\\users\\users.module.ts","statementMap":{"0":{"start":{"line":1,"column":0},"end":{"line":1,"column":40}},"1":{"start":{"line":2,"column":0},"end":{"line":2,"column":53}},"2":{"start":{"line":3,"column":0},"end":{"line":3,"column":47}},"3":{"start":{"line":10,"column":7},"end":{"line":10,"column":null}},"4":{"start":{"line":10,"column":13},"end":{"line":10,"column":24}},"5":{"start":{"line":10,"column":13},"end":{"line":10,"column":null}}},"fnMap":{},"branchMap":{},"s":{"0":0,"1":0,"2":0,"3":0,"4":0,"5":0},"f":{},"b":{}}
,"C:\\Projects\\clinicplus\\apps\\api\\src\\users\\users.service.ts": {"path":"C:\\Projects\\clinicplus\\apps\\api\\src\\users\\users.service.ts","statementMap":{"0":{"start":{"line":1,"column":0},"end":{"line":1,"column":44}},"1":{"start":{"line":2,"column":0},"end":{"line":2,"column":57}},"2":{"start":{"line":3,"column":0},"end":{"line":3,"column":57}},"3":{"start":{"line":6,"column":7},"end":{"line":76,"column":null}},"4":{"start":{"line":7,"column":22},"end":{"line":7,"column":30}},"5":{"start":{"line":10,"column":4},"end":{"line":27,"column":7}},"6":{"start":{"line":31,"column":18},"end":{"line":45,"column":6}},"7":{"start":{"line":47,"column":4},"end":{"line":49,"column":5}},"8":{"start":{"line":48,"column":6},"end":{"line":48,"column":19}},"9":{"start":{"line":51,"column":27},"end":{"line":51,"column":50}},"10":{"start":{"line":52,"column":4},"end":{"line":56,"column":6}},"11":{"start":{"line":53,"column":6},"end":{"line":54,"column":null}},"12":{"start":{"line":54,"column":19},"end":{"line":54,"column":72}},"13":{"start":{"line":60,"column":4},"end":{"line":74,"column":7}},"14":{"start":{"line":6,"column":13},"end":{"line":6,"column":25}},"15":{"start":{"line":6,"column":13},"end":{"line":76,"column":null}}},"fnMap":{"0":{"name":"(anonymous_2)","decl":{"start":{"line":7,"column":2},"end":{"line":7,"column":22}},"loc":{"start":{"line":7,"column":43},"end":{"line":7,"column":47}}},"1":{"name":"(anonymous_3)","decl":{"start":{"line":9,"column":2},"end":{"line":9,"column":7}},"loc":{"start":{"line":9,"column":33},"end":{"line":28,"column":3}}},"2":{"name":"(anonymous_4)","decl":{"start":{"line":30,"column":2},"end":{"line":30,"column":7}},"loc":{"start":{"line":30,"column":71},"end":{"line":57,"column":3}}},"3":{"name":"(anonymous_5)","decl":{"start":{"line":52,"column":24},"end":{"line":52,"column":25}},"loc":{"start":{"line":53,"column":6},"end":{"line":54,"column":null}}},"4":{"name":"(anonymous_6)","decl":{"start":{"line":54,"column":8},"end":{"line":54,"column":9}},"loc":{"start":{"line":54,"column":19},"end":{"line":54,"column":72}}},"5":{"name":"(anonymous_7)","decl":{"start":{"line":59,"column":2},"end":{"line":59,"column":7}},"loc":{"start":{"line":59,"column":68},"end":{"line":75,"column":3}}}},"branchMap":{"0":{"loc":{"start":{"line":47,"column":4},"end":{"line":49,"column":5}},"type":"if","locations":[{"start":{"line":47,"column":4},"end":{"line":49,"column":5}},{"start":{},"end":{}}]},"1":{"loc":{"start":{"line":7,"column":30},"end":{"line":7,"column":46}},"type":"cond-expr","locations":[{"start":{"line":7,"column":43},"end":{"line":7,"column":46}},{"start":{"line":7,"column":43},"end":{"line":7,"column":46}}]},"2":{"loc":{"start":{"line":7,"column":30},"end":{"line":7,"column":43}},"type":"binary-expr","locations":[{"start":{"line":7,"column":30},"end":{"line":7,"column":46}},{"start":{"line":7,"column":30},"end":{"line":7,"column":43}}]}},"s":{"0":3,"1":3,"2":3,"3":3,"4":3,"5":1,"6":1,"7":1,"8":1,"9":0,"10":0,"11":0,"12":0,"13":0,"14":3,"15":3},"f":{"0":3,"1":1,"2":1,"3":0,"4":0,"5":0},"b":{"0":[1,0],"1":[3,0],"2":[3,3]}}
,"C:\\Projects\\clinicplus\\apps\\api\\src\\vitals\\vitals.controller.ts": {"path":"C:\\Projects\\clinicplus\\apps\\api\\src\\vitals\\vitals.controller.ts","statementMap":{"0":{"start":{"line":1,"column":0},"end":{"line":1,"column":44}},"1":{"start":{"line":4,"column":7},"end":{"line":4,"column":null}},"2":{"start":{"line":4,"column":13},"end":{"line":4,"column":29}},"3":{"start":{"line":4,"column":13},"end":{"line":4,"column":null}}},"fnMap":{},"branchMap":{},"s":{"0":0,"1":0,"2":0,"3":0},"f":{},"b":{}}
,"C:\\Projects\\clinicplus\\apps\\api\\src\\vitals\\vitals.module.ts": {"path":"C:\\Projects\\clinicplus\\apps\\api\\src\\vitals\\vitals.module.ts","statementMap":{"0":{"start":{"line":1,"column":0},"end":{"line":1,"column":40}},"1":{"start":{"line":2,"column":0},"end":{"line":2,"column":55}},"2":{"start":{"line":3,"column":0},"end":{"line":3,"column":49}},"3":{"start":{"line":9,"column":7},"end":{"line":9,"column":null}},"4":{"start":{"line":9,"column":13},"end":{"line":9,"column":25}},"5":{"start":{"line":9,"column":13},"end":{"line":9,"column":null}}},"fnMap":{},"branchMap":{},"s":{"0":0,"1":0,"2":0,"3":0,"4":0,"5":0},"f":{},"b":{}}
,"C:\\Projects\\clinicplus\\apps\\api\\src\\vitals\\vitals.service.ts": {"path":"C:\\Projects\\clinicplus\\apps\\api\\src\\vitals\\vitals.service.ts","statementMap":{"0":{"start":{"line":1,"column":0},"end":{"line":1,"column":44}},"1":{"start":{"line":4,"column":7},"end":{"line":4,"column":null}},"2":{"start":{"line":4,"column":13},"end":{"line":4,"column":26}},"3":{"start":{"line":4,"column":13},"end":{"line":4,"column":null}}},"fnMap":{},"branchMap":{},"s":{"0":0,"1":0,"2":0,"3":0},"f":{},"b":{}}
}
